Using pre-set license
Built from '2022.3/staging' branch; Version is '2022.3.10f1 (ff3792e53c62) revision 16725906'; Using compiler version '192829333'; Build Type 'Release'
OS: 'Windows 11  (10.0.22621) 64bit Professional' Language: 'es' Physical Memory: 40893 MB
BatchMode: 1, IsHumanControllingUs: 0, StartBugReporterOnCrash: 0, Is64bit: 1, IsPro: 1

COMMAND LINE ARGUMENTS:
C:\Program Files\Unity\Hub\Editor\2022.3.10f1\Editor\Unity.exe
-adb2
-batchMode
-noUpm
-name
AssetImportWorker1
-projectPath
D:/inacap/Carlos Salfate/Evaluacion 3/My 3D project
-logFile
Logs/AssetImportWorker1.log
-srvPort
57615
Successfully changed project path to: D:/inacap/Carlos Salfate/Evaluacion 3/My 3D project
D:/inacap/Carlos Salfate/Evaluacion 3/My 3D project
[UnityMemory] Configuration Parameters - Can be set up in boot.config
    "memorysetup-bucket-allocator-granularity=16"
    "memorysetup-bucket-allocator-bucket-count=8"
    "memorysetup-bucket-allocator-block-size=33554432"
    "memorysetup-bucket-allocator-block-count=8"
    "memorysetup-main-allocator-block-size=16777216"
    "memorysetup-thread-allocator-block-size=16777216"
    "memorysetup-gfx-main-allocator-block-size=16777216"
    "memorysetup-gfx-thread-allocator-block-size=16777216"
    "memorysetup-cache-allocator-block-size=4194304"
    "memorysetup-typetree-allocator-block-size=2097152"
    "memorysetup-profiler-bucket-allocator-granularity=16"
    "memorysetup-profiler-bucket-allocator-bucket-count=8"
    "memorysetup-profiler-bucket-allocator-block-size=33554432"
    "memorysetup-profiler-bucket-allocator-block-count=8"
    "memorysetup-profiler-allocator-block-size=16777216"
    "memorysetup-profiler-editor-allocator-block-size=1048576"
    "memorysetup-temp-allocator-size-main=16777216"
    "memorysetup-job-temp-allocator-block-size=2097152"
    "memorysetup-job-temp-allocator-block-size-background=1048576"
    "memorysetup-job-temp-allocator-reduction-small-platforms=262144"
    "memorysetup-allocator-temp-initial-block-size-main=262144"
    "memorysetup-allocator-temp-initial-block-size-worker=262144"
    "memorysetup-temp-allocator-size-background-worker=32768"
    "memorysetup-temp-allocator-size-job-worker=262144"
    "memorysetup-temp-allocator-size-preload-manager=33554432"
    "memorysetup-temp-allocator-size-nav-mesh-worker=65536"
    "memorysetup-temp-allocator-size-audio-worker=65536"
    "memorysetup-temp-allocator-size-cloud-worker=32768"
    "memorysetup-temp-allocator-size-gi-baking-worker=262144"
    "memorysetup-temp-allocator-size-gfx=262144"
Player connection [23928] Host "[IP] 192.168.100.3 [Port] 0 [Flags] 2 [Guid] 4015916969 [EditorId] 4015916969 [Version] 1048832 [Id] WindowsEditor(7,Sebastian) [Debug] 1 [PackageName] WindowsEditor [ProjectName] Editor" joined multi-casting on [225.0.0.222:54997]...

Player connection [23928] Host "[IP] 192.168.100.3 [Port] 0 [Flags] 2 [Guid] 4015916969 [EditorId] 4015916969 [Version] 1048832 [Id] WindowsEditor(7,Sebastian) [Debug] 1 [PackageName] WindowsEditor [ProjectName] Editor" joined alternative multi-casting on [225.0.0.222:34997]...

[Physics::Module] Initialized MultithreadedJobDispatcher with 11 workers.
Refreshing native plugins compatible for Editor in 27.90 ms, found 6 plugins.
Preloading 0 native plugins for Editor in 0.00 ms.
Initialize engine version: 2022.3.10f1 (ff3792e53c62)
[Subsystems] Discovering subsystems at path C:/Program Files/Unity/Hub/Editor/2022.3.10f1/Editor/Data/Resources/UnitySubsystems
[Subsystems] Discovering subsystems at path D:/inacap/Carlos Salfate/Evaluacion 3/My 3D project/Assets
GfxDevice: creating device client; threaded=0; jobified=0
Direct3D:
    Version:  Direct3D 11.0 [level 11.1]
    Renderer: Radeon RX 580 Series (ID=0x67df)
    Vendor:   ATI
    VRAM:     8170 MB
    Driver:   31.0.21905.1001
Initialize mono
Mono path[0] = 'C:/Program Files/Unity/Hub/Editor/2022.3.10f1/Editor/Data/Managed'
Mono path[1] = 'C:/Program Files/Unity/Hub/Editor/2022.3.10f1/Editor/Data/MonoBleedingEdge/lib/mono/unityjit-win32'
Mono config path = 'C:/Program Files/Unity/Hub/Editor/2022.3.10f1/Editor/Data/MonoBleedingEdge/etc'
Using monoOptions --debugger-agent=transport=dt_socket,embedding=1,server=y,suspend=n,address=127.0.0.1:56032
Begin MonoManager ReloadAssembly
Registering precompiled unity dll's ...
Register platform support module: C:/Program Files/Unity/Hub/Editor/2022.3.10f1/Editor/Data/PlaybackEngines/WebGLSupport/UnityEditor.WebGL.Extensions.dll
Register platform support module: C:/Program Files/Unity/Hub/Editor/2022.3.10f1/Editor/Data/PlaybackEngines/WindowsStandaloneSupport/UnityEditor.WindowsStandalone.Extensions.dll
Registered in 0.017318 seconds.
- Loaded All Assemblies, in  0.500 seconds
Native extension for WindowsStandalone target not found
Native extension for WebGL target not found
Mono: successfully reloaded assembly
- Finished resetting the current domain, in  0.378 seconds
Domain Reload Profiling: 875ms
	BeginReloadAssembly (153ms)
		ExecutionOrderSort (0ms)
		DisableScriptedObjects (0ms)
		BackupInstance (0ms)
		ReleaseScriptingObjects (0ms)
		CreateAndSetChildDomain (1ms)
	RebuildCommonClasses (48ms)
	RebuildNativeTypeToScriptingClass (19ms)
	initialDomainReloadingComplete (93ms)
	LoadAllAssembliesAndSetupDomain (184ms)
		LoadAssemblies (148ms)
		RebuildTransferFunctionScriptingTraits (0ms)
		AnalyzeDomain (181ms)
			TypeCache.Refresh (179ms)
				TypeCache.ScanAssembly (162ms)
			ScanForSourceGeneratedMonoScriptInfo (1ms)
			ResolveRequiredComponents (1ms)
	FinalizeReload (379ms)
		ReleaseScriptCaches (0ms)
		RebuildScriptCaches (0ms)
		SetupLoadedEditorAssemblies (295ms)
			LogAssemblyErrors (0ms)
			InitializePlatformSupportModulesInManaged (16ms)
			SetLoadedEditorAssemblies (7ms)
			RefreshPlugins (0ms)
			BeforeProcessingInitializeOnLoad (3ms)
			ProcessInitializeOnLoadAttributes (195ms)
			ProcessInitializeOnLoadMethodAttributes (74ms)
			AfterProcessingInitializeOnLoad (0ms)
			EditorAssembliesLoaded (0ms)
		ExecutionOrderSort2 (0ms)
		AwakeInstancesAfterBackupRestoration (0ms)
========================================================================
Worker process is ready to serve import requests
Begin MonoManager ReloadAssembly
- Loaded All Assemblies, in  1.071 seconds
Refreshing native plugins compatible for Editor in 17.45 ms, found 6 plugins.
Native extension for WindowsStandalone target not found
Native extension for WebGL target not found
Package Manager log level set to [2]
[Package Manager] Server::EnsureServerProcessIsRunning -- launch failed, reason: Unity was launched with the -noUpm command-line argument
[Package Manager] UpmClient::Send -- Unable to send message (not connected to UPM process).
[Package Manager] Cannot connect to Unity Package Manager local server
Mono: successfully reloaded assembly
- Finished resetting the current domain, in  0.904 seconds
Domain Reload Profiling: 1964ms
	BeginReloadAssembly (221ms)
		ExecutionOrderSort (0ms)
		DisableScriptedObjects (7ms)
		BackupInstance (0ms)
		ReleaseScriptingObjects (0ms)
		CreateAndSetChildDomain (27ms)
	RebuildCommonClasses (49ms)
	RebuildNativeTypeToScriptingClass (20ms)
	initialDomainReloadingComplete (68ms)
	LoadAllAssembliesAndSetupDomain (701ms)
		LoadAssemblies (552ms)
		RebuildTransferFunctionScriptingTraits (0ms)
		AnalyzeDomain (282ms)
			TypeCache.Refresh (246ms)
				TypeCache.ScanAssembly (225ms)
			ScanForSourceGeneratedMonoScriptInfo (25ms)
			ResolveRequiredComponents (8ms)
	FinalizeReload (905ms)
		ReleaseScriptCaches (0ms)
		RebuildScriptCaches (0ms)
		SetupLoadedEditorAssemblies (669ms)
			LogAssemblyErrors (0ms)
			InitializePlatformSupportModulesInManaged (14ms)
			SetLoadedEditorAssemblies (4ms)
			RefreshPlugins (0ms)
			BeforeProcessingInitializeOnLoad (122ms)
			ProcessInitializeOnLoadAttributes (483ms)
			ProcessInitializeOnLoadMethodAttributes (30ms)
			AfterProcessingInitializeOnLoad (16ms)
			EditorAssembliesLoaded (0ms)
		ExecutionOrderSort2 (0ms)
		AwakeInstancesAfterBackupRestoration (8ms)
Launched and connected shader compiler UnityShaderCompiler.exe after 0.08 seconds
Refreshing native plugins compatible for Editor in 13.92 ms, found 6 plugins.
Preloading 0 native plugins for Editor in 0.00 ms.
Unloading 3536 Unused Serialized files (Serialized files now loaded: 0)
Unloading 62 unused Assets / (1.4 MB). Loaded Objects now: 3979.
Memory consumption went from 137.2 MB to 135.9 MB.
Total: 5.164000 ms (FindLiveObjects: 0.385200 ms CreateObjectMapping: 0.111700 ms MarkObjects: 4.164600 ms  DeleteObjects: 0.500500 ms)

AssetImportParameters requested are different than current active one (requested -> active):
  custom:container-demuxer-ogg: 62fdf1f143b41e24485cea50d1cbac27 -> 
  custom:video-codec-MediaFoundation-h265: 746d11721c4dcdbdad8f713fa42b33f4 -> 
  custom:video-decoder-ogg-theora: a1e56fd34408186e4bbccfd4996cb3dc -> 
  custom:framework-win-MediaFoundation: 216162199b28c13a410421893ffa2e32 -> 
  custom:CustomObjectIndexerAttribute: 756ad292c208cfabdd7b50bc23989ffe -> 
  custom:container-demuxer-webm: 4f35f7cbe854078d1ac9338744f61a02 -> 
  custom:container-muxer-webm: aa71ff27fc2769a1b78a27578f13a17b -> 
  custom:video-decoder-webm-vp8: 9c59270c3fd7afecdb556c50c9e8de78 -> 
  custom:SearchIndexIgnoredProperties: e643bd26f0fe6173181afceb89e7c659 -> 
  custom:AudioImporter_EditorPlatform: d09bf68614088b80899f8185d706f6e7 -> 
  custom:video-encoder-webm-vp8: eb34c28f22e8b96e1ab97ce403110664 -> 
  custom:audio-decoder-ogg-vorbis: bf7c407c2cedff20999df2af8eb42d56 -> 
  custom:audio-encoder-webm-vorbis: bf7c407c2cedff20999df2af8eb42d56 -> 
========================================================================
Received Import Request.
  Time since last request: 148193.216033 seconds.
  path: Assets/Props_3D/Prefabs/models/bottle3_lowpoly.prefab
  artifactKey: Guid(647d701883c28458a9f74fca6d2c325b) Importer(815301076,1909f56bfc062723c751e8b465ee728b)
Start importing Assets/Props_3D/Prefabs/models/bottle3_lowpoly.prefab using Guid(647d701883c28458a9f74fca6d2c325b) Importer(815301076,1909f56bfc062723c751e8b465ee728b)  -> (artifact id: '0b7af98edd87813747ac05b44cff2486') in 0.142555 seconds
Number of updated asset objects reloaded before import = 0
Number of asset objects unloaded after import = 25
========================================================================
Received Import Request.
  Time since last request: 0.000049 seconds.
  path: Assets/Props_3D/Prefabs/models/fire_particle.prefab
  artifactKey: Guid(775d6233a4c4749fb8000e399aa4c098) Importer(815301076,1909f56bfc062723c751e8b465ee728b)
Start importing Assets/Props_3D/Prefabs/models/fire_particle.prefab using Guid(775d6233a4c4749fb8000e399aa4c098) Importer(815301076,1909f56bfc062723c751e8b465ee728b)  -> (artifact id: '07fefdd2e8b749d0000c34a6d7e66c0f') in 0.094743 seconds
Number of updated asset objects reloaded before import = 0
Number of asset objects unloaded after import = 8
========================================================================
Received Import Request.
  Time since last request: 0.000028 seconds.
  path: Assets/Props_3D/Prefabs/models/watch_bone.prefab
  artifactKey: Guid(7ed35b023dcb24665853fa0b1d398de8) Importer(815301076,1909f56bfc062723c751e8b465ee728b)
Start importing Assets/Props_3D/Prefabs/models/watch_bone.prefab using Guid(7ed35b023dcb24665853fa0b1d398de8) Importer(815301076,1909f56bfc062723c751e8b465ee728b)  -> (artifact id: '0ba992079bb599e8460079dd2ec349bb') in 0.028163 seconds
Number of updated asset objects reloaded before import = 0
Number of asset objects unloaded after import = 24
========================================================================
Received Import Request.
  Time since last request: 0.000023 seconds.
  path: Assets/Props_3D/Prefabs/models/bottle2_lowpoly.prefab
  artifactKey: Guid(f7e4f3016a12a436e9cdd94a0a1c8866) Importer(815301076,1909f56bfc062723c751e8b465ee728b)
Start importing Assets/Props_3D/Prefabs/models/bottle2_lowpoly.prefab using Guid(f7e4f3016a12a436e9cdd94a0a1c8866) Importer(815301076,1909f56bfc062723c751e8b465ee728b)  -> (artifact id: '7d794a57d10545feee9abf70e3e60429') in 0.025451 seconds
Number of updated asset objects reloaded before import = 0
Number of asset objects unloaded after import = 25
========================================================================
Received Import Request.
  Time since last request: 0.000021 seconds.
  path: Assets/Props_3D/Prefabs/models/crystal_lowpoly.prefab
  artifactKey: Guid(6a6cf11bdaae642549eccc3989f89280) Importer(815301076,1909f56bfc062723c751e8b465ee728b)
Start importing Assets/Props_3D/Prefabs/models/crystal_lowpoly.prefab using Guid(6a6cf11bdaae642549eccc3989f89280) Importer(815301076,1909f56bfc062723c751e8b465ee728b)  -> (artifact id: '8133b8f7cb0e9f8a401ebacb95f282ef') in 0.020032 seconds
Number of updated asset objects reloaded before import = 0
Number of asset objects unloaded after import = 9
========================================================================
Received Import Request.
  Time since last request: 0.000020 seconds.
  path: Assets/Props_3D/Prefabs/colliders/candle_collider.prefab
  artifactKey: Guid(2fd4996336cb14ab583ca2576e349a74) Importer(815301076,1909f56bfc062723c751e8b465ee728b)
Start importing Assets/Props_3D/Prefabs/colliders/candle_collider.prefab using Guid(2fd4996336cb14ab583ca2576e349a74) Importer(815301076,1909f56bfc062723c751e8b465ee728b)  -> (artifact id: 'f48cebf8b64687a24a935a58202321be') in 0.021309 seconds
Number of updated asset objects reloaded before import = 0
Number of asset objects unloaded after import = 12
========================================================================
Received Import Request.
  Time since last request: 0.000020 seconds.
  path: Assets/Props_3D/Prefabs/colliders/bomb_collider.prefab
  artifactKey: Guid(015605e30a47f4725b4a4913748566de) Importer(815301076,1909f56bfc062723c751e8b465ee728b)
Start importing Assets/Props_3D/Prefabs/colliders/bomb_collider.prefab using Guid(015605e30a47f4725b4a4913748566de) Importer(815301076,1909f56bfc062723c751e8b465ee728b)  -> (artifact id: 'ee0ec5a3c0ae154ddf5f58e196fb4201') in 0.020100 seconds
Number of updated asset objects reloaded before import = 0
Number of asset objects unloaded after import = 12
========================================================================
Received Import Request.
  Time since last request: 0.000024 seconds.
  path: Assets/Props_3D/Prefabs/models/scroll_lowpoly.prefab
  artifactKey: Guid(113d3c7c4938544b1a57292e377b472c) Importer(815301076,1909f56bfc062723c751e8b465ee728b)
Start importing Assets/Props_3D/Prefabs/models/scroll_lowpoly.prefab using Guid(113d3c7c4938544b1a57292e377b472c) Importer(815301076,1909f56bfc062723c751e8b465ee728b)  -> (artifact id: 'bf4bc0ea98b05c51e627ec3d284e3ec5') in 0.020954 seconds
Number of updated asset objects reloaded before import = 0
Number of asset objects unloaded after import = 13
========================================================================
Received Import Request.
  Time since last request: 0.000031 seconds.
  path: Assets/Props_3D/Prefabs/models/Lamp.prefab
  artifactKey: Guid(c475b99583abd41bb8e110e52345dd3f) Importer(815301076,1909f56bfc062723c751e8b465ee728b)
Start importing Assets/Props_3D/Prefabs/models/Lamp.prefab using Guid(c475b99583abd41bb8e110e52345dd3f) Importer(815301076,1909f56bfc062723c751e8b465ee728b)  -> (artifact id: '1c59d23b2ba323df17409a0485f320be') in 0.026983 seconds
Number of updated asset objects reloaded before import = 0
Number of asset objects unloaded after import = 35
========================================================================
Received Import Request.
  Time since last request: 0.000021 seconds.
  path: Assets/Props_3D/Prefabs/colliders/scroll_collider.prefab
  artifactKey: Guid(458f73a67e6644892814d7a3829ff3f2) Importer(815301076,1909f56bfc062723c751e8b465ee728b)
Start importing Assets/Props_3D/Prefabs/colliders/scroll_collider.prefab using Guid(458f73a67e6644892814d7a3829ff3f2) Importer(815301076,1909f56bfc062723c751e8b465ee728b)  -> (artifact id: '4739d8a93997c0b66f953691b77b3273') in 0.020755 seconds
Number of updated asset objects reloaded before import = 0
Number of asset objects unloaded after import = 12
========================================================================
Received Import Request.
  Time since last request: 0.000021 seconds.
  path: Assets/Props_3D/Prefabs/models/bomb_lowpoly.prefab
  artifactKey: Guid(e5103beec7d654322821e99b26fe2159) Importer(815301076,1909f56bfc062723c751e8b465ee728b)
Start importing Assets/Props_3D/Prefabs/models/bomb_lowpoly.prefab using Guid(e5103beec7d654322821e99b26fe2159) Importer(815301076,1909f56bfc062723c751e8b465ee728b)  -> (artifact id: '61a7cd96e3f6eea210c4a8718885ccae') in 0.020699 seconds
Number of updated asset objects reloaded before import = 0
Number of asset objects unloaded after import = 13
========================================================================
Received Import Request.
  Time since last request: 0.000022 seconds.
  path: Assets/Props_3D/Prefabs/models/hourglass.prefab
  artifactKey: Guid(81dde4db9e926495bbfae9480c3e2894) Importer(815301076,1909f56bfc062723c751e8b465ee728b)
Start importing Assets/Props_3D/Prefabs/models/hourglass.prefab using Guid(81dde4db9e926495bbfae9480c3e2894) Importer(815301076,1909f56bfc062723c751e8b465ee728b)  -> (artifact id: 'd95d986c858b40dae21651aadec7ecef') in 0.023844 seconds
Number of updated asset objects reloaded before import = 0
Number of asset objects unloaded after import = 26
========================================================================
Received Import Request.
  Time since last request: 0.000017 seconds.
  path: Assets/Props_3D/Prefabs/models/Candle.prefab
  artifactKey: Guid(bc50feda7b6f542449c7806e3bbe9971) Importer(815301076,1909f56bfc062723c751e8b465ee728b)
Start importing Assets/Props_3D/Prefabs/models/Candle.prefab using Guid(bc50feda7b6f542449c7806e3bbe9971) Importer(815301076,1909f56bfc062723c751e8b465ee728b)  -> (artifact id: 'c2900ad7560f482a1b40003b60777ec5') in 0.024641 seconds
Number of updated asset objects reloaded before import = 0
Number of asset objects unloaded after import = 33
========================================================================
Received Import Request.
  Time since last request: 0.000030 seconds.
  path: Assets/Props_3D/Prefabs/models/watch.prefab
  artifactKey: Guid(67ba1d0c80a5343e381130fd18e3ed32) Importer(815301076,1909f56bfc062723c751e8b465ee728b)
Start importing Assets/Props_3D/Prefabs/models/watch.prefab using Guid(67ba1d0c80a5343e381130fd18e3ed32) Importer(815301076,1909f56bfc062723c751e8b465ee728b)  -> (artifact id: 'd084a56cf02e00851d79f80def0c13e8') in 0.020353 seconds
Number of updated asset objects reloaded before import = 0
Number of asset objects unloaded after import = 13
========================================================================
Received Import Request.
  Time since last request: 0.000019 seconds.
  path: Assets/Props_3D/Prefabs/colliders/bag_collider.prefab
  artifactKey: Guid(d47ccf41da4f64770999d83d0013d0c4) Importer(815301076,1909f56bfc062723c751e8b465ee728b)
Start importing Assets/Props_3D/Prefabs/colliders/bag_collider.prefab using Guid(d47ccf41da4f64770999d83d0013d0c4) Importer(815301076,1909f56bfc062723c751e8b465ee728b)  -> (artifact id: '2234cf11a70d991b5d07ea1cf128e243') in 0.020133 seconds
Number of updated asset objects reloaded before import = 0
Number of asset objects unloaded after import = 12
========================================================================
Received Import Request.
  Time since last request: 0.000023 seconds.
  path: Assets/Props_3D/Prefabs/models/barrel.prefab
  artifactKey: Guid(1c0376b8a6290434a90510d832b8aa74) Importer(815301076,1909f56bfc062723c751e8b465ee728b)
Start importing Assets/Props_3D/Prefabs/models/barrel.prefab using Guid(1c0376b8a6290434a90510d832b8aa74) Importer(815301076,1909f56bfc062723c751e8b465ee728b)  -> (artifact id: 'da2021a4a3f6d3243fd9702cdd1358c5') in 0.018504 seconds
Number of updated asset objects reloaded before import = 0
Number of asset objects unloaded after import = 13
========================================================================
Received Import Request.
  Time since last request: 0.000020 seconds.
  path: Assets/Props_3D/Prefabs/models/bag_lowpoly.prefab
  artifactKey: Guid(644125e270f60478c95057119d395ee6) Importer(815301076,1909f56bfc062723c751e8b465ee728b)
Start importing Assets/Props_3D/Prefabs/models/bag_lowpoly.prefab using Guid(644125e270f60478c95057119d395ee6) Importer(815301076,1909f56bfc062723c751e8b465ee728b)  -> (artifact id: 'a4bce0a8a9a051310387a33377c31be6') in 0.019439 seconds
Number of updated asset objects reloaded before import = 0
Number of asset objects unloaded after import = 13
========================================================================
Received Import Request.
  Time since last request: 0.000028 seconds.
  path: Assets/Props_3D/Prefabs/models/watch_lowpoly.prefab
  artifactKey: Guid(044448b78484a4cf2b89285c96a63997) Importer(815301076,1909f56bfc062723c751e8b465ee728b)
Start importing Assets/Props_3D/Prefabs/models/watch_lowpoly.prefab using Guid(044448b78484a4cf2b89285c96a63997) Importer(815301076,1909f56bfc062723c751e8b465ee728b)  -> (artifact id: '21a9bee76d1338e8694359930d160533') in 0.020744 seconds
Number of updated asset objects reloaded before import = 0
Number of asset objects unloaded after import = 12
========================================================================
Received Import Request.
  Time since last request: 0.000031 seconds.
  path: Assets/Props_3D/Prefabs/models/coin.prefab
  artifactKey: Guid(40cd439ff536c4bcaad3be6579ac37ba) Importer(815301076,1909f56bfc062723c751e8b465ee728b)
Start importing Assets/Props_3D/Prefabs/models/coin.prefab using Guid(40cd439ff536c4bcaad3be6579ac37ba) Importer(815301076,1909f56bfc062723c751e8b465ee728b)  -> (artifact id: '5104db79fc99769afa6678e9ea26c259') in 0.021625 seconds
Number of updated asset objects reloaded before import = 0
Number of asset objects unloaded after import = 12
========================================================================
Received Import Request.
  Time since last request: 0.000021 seconds.
  path: Assets/Props_3D/Prefabs/colliders/bomb_lowpoly_collider.prefab
  artifactKey: Guid(2fbb5ee077a94415aabfc4049ebbf921) Importer(815301076,1909f56bfc062723c751e8b465ee728b)
Start importing Assets/Props_3D/Prefabs/colliders/bomb_lowpoly_collider.prefab using Guid(2fbb5ee077a94415aabfc4049ebbf921) Importer(815301076,1909f56bfc062723c751e8b465ee728b)  -> (artifact id: 'f9c3f570d0565cfba5215f989051fad6') in 0.018320 seconds
Number of updated asset objects reloaded before import = 0
Number of asset objects unloaded after import = 12
========================================================================
Received Import Request.
  Time since last request: 0.000024 seconds.
  path: Assets/Props_3D/Prefabs/models/diamond_lowpoly.prefab
  artifactKey: Guid(5176706a6e6ac46fb956c23132a74eab) Importer(815301076,1909f56bfc062723c751e8b465ee728b)
Start importing Assets/Props_3D/Prefabs/models/diamond_lowpoly.prefab using Guid(5176706a6e6ac46fb956c23132a74eab) Importer(815301076,1909f56bfc062723c751e8b465ee728b)  -> (artifact id: '1a7fb0d914b0438808db3f3a9c3bf350') in 0.019707 seconds
Number of updated asset objects reloaded before import = 0
Number of asset objects unloaded after import = 9
========================================================================
Received Import Request.
  Time since last request: 0.000021 seconds.
  path: Assets/Props_3D/Prefabs/models
  artifactKey: Guid(781f44410c2ab467481c1fd3ce1cbf60) Importer(815301076,1909f56bfc062723c751e8b465ee728b)
Start importing Assets/Props_3D/Prefabs/models using Guid(781f44410c2ab467481c1fd3ce1cbf60) Importer(815301076,1909f56bfc062723c751e8b465ee728b)  -> (artifact id: 'bdde84a69e322bb75443d048a259d39e') in 0.000864 seconds
Number of updated asset objects reloaded before import = 0
Number of asset objects unloaded after import = 0
========================================================================
Received Import Request.
  Time since last request: 9.269184 seconds.
  path: Assets/Props_3D/Textures/texture_bag_BaseMap.png
  artifactKey: Guid(eed13f18ea9294d16b5d85a2b7d450d4) Importer(815301076,1909f56bfc062723c751e8b465ee728b)
Start importing Assets/Props_3D/Textures/texture_bag_BaseMap.png using Guid(eed13f18ea9294d16b5d85a2b7d450d4) Importer(815301076,1909f56bfc062723c751e8b465ee728b)  -> (artifact id: '6607cc5d31dab72ffd6a4997e129f883') in 0.068089 seconds
Number of updated asset objects reloaded before import = 0
Number of asset objects unloaded after import = 2
========================================================================
Received Import Request.
  Time since last request: 0.000024 seconds.
  path: Assets/Props_3D/Textures/texture_bag_Normal.png
  artifactKey: Guid(9633fc2e61640448b915e5fbe265dac9) Importer(815301076,1909f56bfc062723c751e8b465ee728b)
Start importing Assets/Props_3D/Textures/texture_bag_Normal.png using Guid(9633fc2e61640448b915e5fbe265dac9) Importer(815301076,1909f56bfc062723c751e8b465ee728b)  -> (artifact id: '501c6b55893ca8ff37061a70524ad5a5') in 0.059659 seconds
Number of updated asset objects reloaded before import = 0
Number of asset objects unloaded after import = 2
========================================================================
Received Import Request.
  Time since last request: 0.000052 seconds.
  path: Assets/Props_3D/Textures/texture_barrel_lowpoly_BaseMap.png
  artifactKey: Guid(f2be03ef3eafa4ff4b7e1b6524754d74) Importer(815301076,1909f56bfc062723c751e8b465ee728b)
Start importing Assets/Props_3D/Textures/texture_barrel_lowpoly_BaseMap.png using Guid(f2be03ef3eafa4ff4b7e1b6524754d74) Importer(815301076,1909f56bfc062723c751e8b465ee728b)  -> (artifact id: 'b57d548ac4a4d25e8bdacc4883f66450') in 0.031008 seconds
Number of updated asset objects reloaded before import = 0
Number of asset objects unloaded after import = 2
========================================================================
Received Import Request.
  Time since last request: 0.000021 seconds.
  path: Assets/Props_3D/Textures/texture_barrel_Normal.png
  artifactKey: Guid(9a23fb0a2b8a544c8bef5b7669116e22) Importer(815301076,1909f56bfc062723c751e8b465ee728b)
Start importing Assets/Props_3D/Textures/texture_barrel_Normal.png using Guid(9a23fb0a2b8a544c8bef5b7669116e22) Importer(815301076,1909f56bfc062723c751e8b465ee728b)  -> (artifact id: '06096ae47dcf805315d9019db55a44de') in 0.029199 seconds
Number of updated asset objects reloaded before import = 0
Number of asset objects unloaded after import = 2
========================================================================
Received Import Request.
  Time since last request: 0.803963 seconds.
  path: Assets/Props_3D/Textures/texture_bottle1_BaseMap.png
  artifactKey: Guid(7e204110469df4e0991ec8ed5dfc15d7) Importer(815301076,1909f56bfc062723c751e8b465ee728b)
Start importing Assets/Props_3D/Textures/texture_bottle1_BaseMap.png using Guid(7e204110469df4e0991ec8ed5dfc15d7) Importer(815301076,1909f56bfc062723c751e8b465ee728b)  -> (artifact id: 'b05bbf43e3a96f71c9544bbc4652108f') in 0.033128 seconds
Number of updated asset objects reloaded before import = 0
Number of asset objects unloaded after import = 2
========================================================================
Received Import Request.
  Time since last request: 0.398385 seconds.
  path: Assets/Props_3D/Textures/texture_bottle2_Alpha.png
  artifactKey: Guid(03af7931e2a3544e6927f32cb95524d4) Importer(815301076,1909f56bfc062723c751e8b465ee728b)
Start importing Assets/Props_3D/Textures/texture_bottle2_Alpha.png using Guid(03af7931e2a3544e6927f32cb95524d4) Importer(815301076,1909f56bfc062723c751e8b465ee728b)  -> (artifact id: 'ee6d1aa89c1709cde75129be8b1a5347') in 0.032316 seconds
Number of updated asset objects reloaded before import = 0
Number of asset objects unloaded after import = 2
========================================================================
Received Import Request.
  Time since last request: 0.026981 seconds.
  path: Assets/Props_3D/Textures/texture_bottle2_Normal.png
  artifactKey: Guid(596a08344e6ae43e6be67b09729254fc) Importer(815301076,1909f56bfc062723c751e8b465ee728b)
Start importing Assets/Props_3D/Textures/texture_bottle2_Normal.png using Guid(596a08344e6ae43e6be67b09729254fc) Importer(815301076,1909f56bfc062723c751e8b465ee728b)  -> (artifact id: '60e4ab887a1aaa613cdce7d275fab7f9') in 0.029194 seconds
Number of updated asset objects reloaded before import = 0
Number of asset objects unloaded after import = 2
========================================================================
Received Import Request.
  Time since last request: 0.281012 seconds.
  path: Assets/Props_3D/Textures/texture_bottle3_MaskMap.png
  artifactKey: Guid(0803707799bc94b689fb7ae555302cc5) Importer(815301076,1909f56bfc062723c751e8b465ee728b)
Start importing Assets/Props_3D/Textures/texture_bottle3_MaskMap.png using Guid(0803707799bc94b689fb7ae555302cc5) Importer(815301076,1909f56bfc062723c751e8b465ee728b)  -> (artifact id: '6644616091975661e5ab38a4125a8911') in 0.028147 seconds
Number of updated asset objects reloaded before import = 0
Number of asset objects unloaded after import = 2
========================================================================
Received Import Request.
  Time since last request: 0.000019 seconds.
  path: Assets/Props_3D/Textures/texture_candle_MaskMap.png
  artifactKey: Guid(2c12e32cb9b5b494da2e9c7006758365) Importer(815301076,1909f56bfc062723c751e8b465ee728b)
Start importing Assets/Props_3D/Textures/texture_candle_MaskMap.png using Guid(2c12e32cb9b5b494da2e9c7006758365) Importer(815301076,1909f56bfc062723c751e8b465ee728b)  -> (artifact id: 'bcdc2ea898e3b72e0eb2af00f52579e7') in 0.030662 seconds
Number of updated asset objects reloaded before import = 0
Number of asset objects unloaded after import = 2
========================================================================
Received Import Request.
  Time since last request: 0.019728 seconds.
  path: Assets/Props_3D/Textures/texture_coin_MaskMap.png
  artifactKey: Guid(feb8ab5a8358d44e48f57e35e7ff8ab3) Importer(815301076,1909f56bfc062723c751e8b465ee728b)
Start importing Assets/Props_3D/Textures/texture_coin_MaskMap.png using Guid(feb8ab5a8358d44e48f57e35e7ff8ab3) Importer(815301076,1909f56bfc062723c751e8b465ee728b)  -> (artifact id: 'd15ad45dfeae74ccbd648231b720ba5f') in 0.029252 seconds
Number of updated asset objects reloaded before import = 0
Number of asset objects unloaded after import = 2
========================================================================
Received Import Request.
  Time since last request: 0.253748 seconds.
  path: Assets/Props_3D/Textures/texture_hourglass_BaseMap.png
  artifactKey: Guid(a9fa2f1b911834fcb88f6ddbe32f2ab4) Importer(815301076,1909f56bfc062723c751e8b465ee728b)
Start importing Assets/Props_3D/Textures/texture_hourglass_BaseMap.png using Guid(a9fa2f1b911834fcb88f6ddbe32f2ab4) Importer(815301076,1909f56bfc062723c751e8b465ee728b)  -> (artifact id: '21fff448ed698f9e0fa85a41bd9ec687') in 0.030728 seconds
Number of updated asset objects reloaded before import = 0
Number of asset objects unloaded after import = 2
========================================================================
Received Import Request.
  Time since last request: 0.012519 seconds.
  path: Assets/Props_3D/Textures/texture_lamp_Alpha.png
  artifactKey: Guid(4a8e634cdf0f4457cbd935fad1d6f58c) Importer(815301076,1909f56bfc062723c751e8b465ee728b)
Start importing Assets/Props_3D/Textures/texture_lamp_Alpha.png using Guid(4a8e634cdf0f4457cbd935fad1d6f58c) Importer(815301076,1909f56bfc062723c751e8b465ee728b)  -> (artifact id: '0cb0e02510dc2d63bb630caadd4cfe65') in 0.033096 seconds
Number of updated asset objects reloaded before import = 0
Number of asset objects unloaded after import = 2
========================================================================
Received Import Request.
  Time since last request: 0.000022 seconds.
  path: Assets/Props_3D/Textures/texture_lamp_BaseMap.png
  artifactKey: Guid(2be6b1312271c47f8855533c83d33c04) Importer(815301076,1909f56bfc062723c751e8b465ee728b)
Start importing Assets/Props_3D/Textures/texture_lamp_BaseMap.png using Guid(2be6b1312271c47f8855533c83d33c04) Importer(815301076,1909f56bfc062723c751e8b465ee728b)  -> (artifact id: '1f7095ce8f83766cb97083e440f0f26d') in 0.027467 seconds
Number of updated asset objects reloaded before import = 0
Number of asset objects unloaded after import = 2
========================================================================
Received Import Request.
  Time since last request: 0.252733 seconds.
  path: Assets/Props_3D/Textures/texture_powder_MaskMap.png
  artifactKey: Guid(077f2e5fbad924d78bbe01c7ea63939e) Importer(815301076,1909f56bfc062723c751e8b465ee728b)
Start importing Assets/Props_3D/Textures/texture_powder_MaskMap.png using Guid(077f2e5fbad924d78bbe01c7ea63939e) Importer(815301076,1909f56bfc062723c751e8b465ee728b)  -> (artifact id: '65d3cbab7423282874a5a3c70309634a') in 0.028211 seconds
Number of updated asset objects reloaded before import = 0
Number of asset objects unloaded after import = 2
========================================================================
Received Import Request.
  Time since last request: 0.019224 seconds.
  path: Assets/Props_3D/Textures/texture_scroll_lowpoly_BaseMap.png
  artifactKey: Guid(79c1d7a49e70b4eb4bc837d7ad22d189) Importer(815301076,1909f56bfc062723c751e8b465ee728b)
Start importing Assets/Props_3D/Textures/texture_scroll_lowpoly_BaseMap.png using Guid(79c1d7a49e70b4eb4bc837d7ad22d189) Importer(815301076,1909f56bfc062723c751e8b465ee728b)  -> (artifact id: '23b735093b73b056cac213a891c95a82') in 0.027305 seconds
Number of updated asset objects reloaded before import = 0
Number of asset objects unloaded after import = 2
========================================================================
Received Import Request.
  Time since last request: 0.206181 seconds.
  path: Assets/Props_3D/Textures/texture_scroll_MaskMap.png
  artifactKey: Guid(5643f9e3e6a8a40edb6c4c344d5ce13e) Importer(815301076,1909f56bfc062723c751e8b465ee728b)
Start importing Assets/Props_3D/Textures/texture_scroll_MaskMap.png using Guid(5643f9e3e6a8a40edb6c4c344d5ce13e) Importer(815301076,1909f56bfc062723c751e8b465ee728b)  -> (artifact id: '4f009d1b58b85e63c933681fa3c3b3aa') in 0.031069 seconds
Number of updated asset objects reloaded before import = 0
Number of asset objects unloaded after import = 2
========================================================================
Received Import Request.
  Time since last request: 0.023650 seconds.
  path: Assets/Props_3D/Textures/texture_watch_lowpoly_BaseMap.png
  artifactKey: Guid(7ecdfeb7b364d43c6a66838c4c0c0842) Importer(815301076,1909f56bfc062723c751e8b465ee728b)
Start importing Assets/Props_3D/Textures/texture_watch_lowpoly_BaseMap.png using Guid(7ecdfeb7b364d43c6a66838c4c0c0842) Importer(815301076,1909f56bfc062723c751e8b465ee728b)  -> (artifact id: '4b308b1607f285be3b6b4818f506b4fa') in 0.030758 seconds
Number of updated asset objects reloaded before import = 0
Number of asset objects unloaded after import = 2
========================================================================
Received Import Request.
  Time since last request: 0.000020 seconds.
  path: Assets/Props_3D/Textures/texture_watch_lowpoly_Normal.png
  artifactKey: Guid(e34685e99b60f400e9c10fbda10fec67) Importer(815301076,1909f56bfc062723c751e8b465ee728b)
Start importing Assets/Props_3D/Textures/texture_watch_lowpoly_Normal.png using Guid(e34685e99b60f400e9c10fbda10fec67) Importer(815301076,1909f56bfc062723c751e8b465ee728b)  -> (artifact id: '8e19c0336f9109fc75080069e73a5013') in 0.031670 seconds
Number of updated asset objects reloaded before import = 0
Number of asset objects unloaded after import = 2
========================================================================
Received Import Request.
  Time since last request: 13.008328 seconds.
  path: Assets/Props_3D/Materials/material_barrel.mat
  artifactKey: Guid(4a2958c652ce34316b477c6777ce45a0) Importer(815301076,1909f56bfc062723c751e8b465ee728b)
Start importing Assets/Props_3D/Materials/material_barrel.mat using Guid(4a2958c652ce34316b477c6777ce45a0) Importer(815301076,1909f56bfc062723c751e8b465ee728b)  -> (artifact id: 'afdeeee671b468cc7295c90be87ee1b2') in 0.053117 seconds
Number of updated asset objects reloaded before import = 0
Number of asset objects unloaded after import = 4
========================================================================
Received Import Request.
  Time since last request: 0.000022 seconds.
  path: Assets/Props_3D/Materials/material_bomb.mat
  artifactKey: Guid(a563c4f0607b34794a3d5a88f6759ac9) Importer(815301076,1909f56bfc062723c751e8b465ee728b)
Start importing Assets/Props_3D/Materials/material_bomb.mat using Guid(a563c4f0607b34794a3d5a88f6759ac9) Importer(815301076,1909f56bfc062723c751e8b465ee728b)  -> (artifact id: '4d27aadfa0315ae3faef0ee4ca34f65c') in 0.018888 seconds
Number of updated asset objects reloaded before import = 0
Number of asset objects unloaded after import = 4
========================================================================
Received Import Request.
  Time since last request: 0.000387 seconds.
  path: Assets/Props_3D/Materials/material_bottle2.mat
  artifactKey: Guid(5dc56f72f9a70425581b003249d91b30) Importer(815301076,1909f56bfc062723c751e8b465ee728b)
Start importing Assets/Props_3D/Materials/material_bottle2.mat using Guid(5dc56f72f9a70425581b003249d91b30) Importer(815301076,1909f56bfc062723c751e8b465ee728b)  -> (artifact id: '3e7f2669466556e6f1aabdcd45169abe') in 0.015163 seconds
Number of updated asset objects reloaded before import = 0
Number of asset objects unloaded after import = 5
========================================================================
Received Import Request.
  Time since last request: 0.000023 seconds.
  path: Assets/Props_3D/Materials/material_diamond.mat
  artifactKey: Guid(a0bad15ebbceb4dcaaf48a8f4a52054e) Importer(815301076,1909f56bfc062723c751e8b465ee728b)
Start importing Assets/Props_3D/Materials/material_diamond.mat using Guid(a0bad15ebbceb4dcaaf48a8f4a52054e) Importer(815301076,1909f56bfc062723c751e8b465ee728b)  -> (artifact id: 'b0760bb90ffc36d0c35b9d00a5492532') in 0.012749 seconds
Number of updated asset objects reloaded before import = 0
Number of asset objects unloaded after import = 1
========================================================================
Received Import Request.
  Time since last request: 0.000018 seconds.
  path: Assets/Props_3D/Materials/material_bottle1.mat
  artifactKey: Guid(cb053ee8183724fe9b2185ad89f6defa) Importer(815301076,1909f56bfc062723c751e8b465ee728b)
Start importing Assets/Props_3D/Materials/material_bottle1.mat using Guid(cb053ee8183724fe9b2185ad89f6defa) Importer(815301076,1909f56bfc062723c751e8b465ee728b)  -> (artifact id: '078374cb998796b1f8078a2701817a23') in 0.015873 seconds
Number of updated asset objects reloaded before import = 0
Number of asset objects unloaded after import = 5
========================================================================
Received Import Request.
  Time since last request: 1.701932 seconds.
  path: Assets/Props_3D/Fbx/bag_lowpoly.fbx
  artifactKey: Guid(383b52eba295c4a90a7d026110270a73) Importer(815301076,1909f56bfc062723c751e8b465ee728b)
Start importing Assets/Props_3D/Fbx/bag_lowpoly.fbx using Guid(383b52eba295c4a90a7d026110270a73) Importer(815301076,1909f56bfc062723c751e8b465ee728b)  -> (artifact id: '45e6ef3be12ad1c6f2f7e894ab9e09b8') in 0.073945 seconds
Number of updated asset objects reloaded before import = 0
Number of asset objects unloaded after import = 11
========================================================================
Received Import Request.
  Time since last request: 0.000032 seconds.
  path: Assets/Props_3D/Fbx/bag_lowpoly_collider.fbx
  artifactKey: Guid(5b74e11d1797f41c1b11f5c85979f636) Importer(815301076,1909f56bfc062723c751e8b465ee728b)
Start importing Assets/Props_3D/Fbx/bag_lowpoly_collider.fbx using Guid(5b74e11d1797f41c1b11f5c85979f636) Importer(815301076,1909f56bfc062723c751e8b465ee728b)  -> (artifact id: 'bb2a04cf2d60bafe803365ce48be97b9') in 0.029658 seconds
Number of updated asset objects reloaded before import = 0
Number of asset objects unloaded after import = 11
========================================================================
Received Import Request.
  Time since last request: 0.000022 seconds.
  path: Assets/Props_3D/Fbx/bomb_collider.fbx
  artifactKey: Guid(8018b22f0f7d545e1975bf5b6186c050) Importer(815301076,1909f56bfc062723c751e8b465ee728b)
Start importing Assets/Props_3D/Fbx/bomb_collider.fbx using Guid(8018b22f0f7d545e1975bf5b6186c050) Importer(815301076,1909f56bfc062723c751e8b465ee728b)  -> (artifact id: '5c7ae57169e0cacd9624c2f45f27ee66') in 0.029021 seconds
Number of updated asset objects reloaded before import = 0
Number of asset objects unloaded after import = 11
========================================================================
Received Import Request.
  Time since last request: 0.000034 seconds.
  path: Assets/Props_3D/Fbx/bomb_lowpoly_collider.fbx
  artifactKey: Guid(30edb0d577764404e95dbdd8ca6791d2) Importer(815301076,1909f56bfc062723c751e8b465ee728b)
Start importing Assets/Props_3D/Fbx/bomb_lowpoly_collider.fbx using Guid(30edb0d577764404e95dbdd8ca6791d2) Importer(815301076,1909f56bfc062723c751e8b465ee728b)  -> (artifact id: '19d64a7df4fdaeac81f5eac0555aa3ed') in 0.028295 seconds
Number of updated asset objects reloaded before import = 0
Number of asset objects unloaded after import = 11
========================================================================
Received Prepare
Begin MonoManager ReloadAssembly
- Loaded All Assemblies, in  3.411 seconds
Refreshing native plugins compatible for Editor in 15.41 ms, found 6 plugins.
Native extension for WindowsStandalone target not found
Native extension for WebGL target not found
[Package Manager] Server::EnsureServerProcessIsRunning -- launch failed, reason: Unity was launched with the -noUpm command-line argument
[Package Manager] UpmClient::Send -- Unable to send message (not connected to UPM process).
[Package Manager] Cannot connect to Unity Package Manager local server
Mono: successfully reloaded assembly
- Finished resetting the current domain, in 13.429 seconds
Domain Reload Profiling: 16830ms
	BeginReloadAssembly (217ms)
		ExecutionOrderSort (0ms)
		DisableScriptedObjects (6ms)
		BackupInstance (0ms)
		ReleaseScriptingObjects (0ms)
		CreateAndSetChildDomain (45ms)
	RebuildCommonClasses (52ms)
	RebuildNativeTypeToScriptingClass (19ms)
	initialDomainReloadingComplete (50ms)
	LoadAllAssembliesAndSetupDomain (3062ms)
		LoadAssemblies (3164ms)
		RebuildTransferFunctionScriptingTraits (0ms)
		AnalyzeDomain (19ms)
			TypeCache.Refresh (8ms)
				TypeCache.ScanAssembly (0ms)
			ScanForSourceGeneratedMonoScriptInfo (0ms)
			ResolveRequiredComponents (9ms)
	FinalizeReload (13430ms)
		ReleaseScriptCaches (0ms)
		RebuildScriptCaches (0ms)
		SetupLoadedEditorAssemblies (524ms)
			LogAssemblyErrors (0ms)
			InitializePlatformSupportModulesInManaged (10ms)
			SetLoadedEditorAssemblies (4ms)
			RefreshPlugins (0ms)
			BeforeProcessingInitializeOnLoad (104ms)
			ProcessInitializeOnLoadAttributes (369ms)
			ProcessInitializeOnLoadMethodAttributes (22ms)
			AfterProcessingInitializeOnLoad (14ms)
			EditorAssembliesLoaded (0ms)
		ExecutionOrderSort2 (0ms)
		AwakeInstancesAfterBackupRestoration (8ms)
Refreshing native plugins compatible for Editor in 17.46 ms, found 6 plugins.
Preloading 0 native plugins for Editor in 0.00 ms.
Unloading 3492 Unused Serialized files (Serialized files now loaded: 0)
Unloading 41 unused Assets / (1.3 MB). Loaded Objects now: 4043.
Memory consumption went from 134.1 MB to 132.8 MB.
Total: 4.890400 ms (FindLiveObjects: 0.509600 ms CreateObjectMapping: 0.183000 ms MarkObjects: 3.811600 ms  DeleteObjects: 0.384400 ms)

Prepare: number of updated asset objects reloaded= 0
AssetImportParameters requested are different than current active one (requested -> active):
  custom:container-demuxer-ogg: 62fdf1f143b41e24485cea50d1cbac27 -> 
  custom:video-codec-MediaFoundation-h265: 746d11721c4dcdbdad8f713fa42b33f4 -> 
  custom:video-decoder-ogg-theora: a1e56fd34408186e4bbccfd4996cb3dc -> 
  custom:framework-win-MediaFoundation: 216162199b28c13a410421893ffa2e32 -> 
  custom:CustomObjectIndexerAttribute: 756ad292c208cfabdd7b50bc23989ffe -> 
  custom:container-demuxer-webm: 4f35f7cbe854078d1ac9338744f61a02 -> 
  custom:container-muxer-webm: aa71ff27fc2769a1b78a27578f13a17b -> 
  custom:video-decoder-webm-vp8: 9c59270c3fd7afecdb556c50c9e8de78 -> 
  custom:SearchIndexIgnoredProperties: e643bd26f0fe6173181afceb89e7c659 -> 
  custom:AudioImporter_EditorPlatform: d09bf68614088b80899f8185d706f6e7 -> 
  custom:video-encoder-webm-vp8: eb34c28f22e8b96e1ab97ce403110664 -> 
  custom:audio-decoder-ogg-vorbis: bf7c407c2cedff20999df2af8eb42d56 -> 
  custom:audio-encoder-webm-vorbis: bf7c407c2cedff20999df2af8eb42d56 -> 
========================================================================
Received Prepare
Begin MonoManager ReloadAssembly
- Loaded All Assemblies, in  0.674 seconds
Refreshing native plugins compatible for Editor in 13.91 ms, found 6 plugins.
Native extension for WindowsStandalone target not found
Native extension for WebGL target not found
[Package Manager] Server::EnsureServerProcessIsRunning -- launch failed, reason: Unity was launched with the -noUpm command-line argument
[Package Manager] UpmClient::Send -- Unable to send message (not connected to UPM process).
[Package Manager] Cannot connect to Unity Package Manager local server
Mono: successfully reloaded assembly
- Finished resetting the current domain, in  1.905 seconds
Domain Reload Profiling: 2569ms
	BeginReloadAssembly (204ms)
		ExecutionOrderSort (0ms)
		DisableScriptedObjects (7ms)
		BackupInstance (0ms)
		ReleaseScriptingObjects (0ms)
		CreateAndSetChildDomain (39ms)
	RebuildCommonClasses (46ms)
	RebuildNativeTypeToScriptingClass (17ms)
	initialDomainReloadingComplete (49ms)
	LoadAllAssembliesAndSetupDomain (348ms)
		LoadAssemblies (445ms)
		RebuildTransferFunctionScriptingTraits (0ms)
		AnalyzeDomain (16ms)
			TypeCache.Refresh (6ms)
				TypeCache.ScanAssembly (0ms)
			ScanForSourceGeneratedMonoScriptInfo (0ms)
			ResolveRequiredComponents (7ms)
	FinalizeReload (1905ms)
		ReleaseScriptCaches (0ms)
		RebuildScriptCaches (0ms)
		SetupLoadedEditorAssemblies (601ms)
			LogAssemblyErrors (0ms)
			InitializePlatformSupportModulesInManaged (13ms)
			SetLoadedEditorAssemblies (4ms)
			RefreshPlugins (0ms)
			BeforeProcessingInitializeOnLoad (113ms)
			ProcessInitializeOnLoadAttributes (430ms)
			ProcessInitializeOnLoadMethodAttributes (25ms)
			AfterProcessingInitializeOnLoad (17ms)
			EditorAssembliesLoaded (0ms)
		ExecutionOrderSort2 (0ms)
		AwakeInstancesAfterBackupRestoration (10ms)
Refreshing native plugins compatible for Editor in 16.05 ms, found 6 plugins.
Preloading 0 native plugins for Editor in 0.00 ms.
Unloading 3493 Unused Serialized files (Serialized files now loaded: 0)
Unloading 41 unused Assets / (1.3 MB). Loaded Objects now: 4058.
Memory consumption went from 134.4 MB to 133.0 MB.
Total: 4.507300 ms (FindLiveObjects: 0.426400 ms CreateObjectMapping: 0.117800 ms MarkObjects: 3.606300 ms  DeleteObjects: 0.355300 ms)

Prepare: number of updated asset objects reloaded= 0
AssetImportParameters requested are different than current active one (requested -> active):
  custom:container-demuxer-ogg: 62fdf1f143b41e24485cea50d1cbac27 -> 
  custom:video-codec-MediaFoundation-h265: 746d11721c4dcdbdad8f713fa42b33f4 -> 
  custom:video-decoder-ogg-theora: a1e56fd34408186e4bbccfd4996cb3dc -> 
  custom:framework-win-MediaFoundation: 216162199b28c13a410421893ffa2e32 -> 
  custom:CustomObjectIndexerAttribute: 756ad292c208cfabdd7b50bc23989ffe -> 
  custom:container-demuxer-webm: 4f35f7cbe854078d1ac9338744f61a02 -> 
  custom:container-muxer-webm: aa71ff27fc2769a1b78a27578f13a17b -> 
  custom:video-decoder-webm-vp8: 9c59270c3fd7afecdb556c50c9e8de78 -> 
  custom:SearchIndexIgnoredProperties: e643bd26f0fe6173181afceb89e7c659 -> 
  custom:AudioImporter_EditorPlatform: d09bf68614088b80899f8185d706f6e7 -> 
  custom:video-encoder-webm-vp8: eb34c28f22e8b96e1ab97ce403110664 -> 
  custom:audio-decoder-ogg-vorbis: bf7c407c2cedff20999df2af8eb42d56 -> 
  custom:audio-encoder-webm-vorbis: bf7c407c2cedff20999df2af8eb42d56 -> 
========================================================================
Received Prepare
Begin MonoManager ReloadAssembly
- Loaded All Assemblies, in  0.679 seconds
Refreshing native plugins compatible for Editor in 13.53 ms, found 6 plugins.
Native extension for WindowsStandalone target not found
Native extension for WebGL target not found
[Package Manager] Server::EnsureServerProcessIsRunning -- launch failed, reason: Unity was launched with the -noUpm command-line argument
[Package Manager] UpmClient::Send -- Unable to send message (not connected to UPM process).
[Package Manager] Cannot connect to Unity Package Manager local server
Mono: successfully reloaded assembly
- Finished resetting the current domain, in  1.911 seconds
Domain Reload Profiling: 2581ms
	BeginReloadAssembly (203ms)
		ExecutionOrderSort (0ms)
		DisableScriptedObjects (7ms)
		BackupInstance (0ms)
		ReleaseScriptingObjects (0ms)
		CreateAndSetChildDomain (38ms)
	RebuildCommonClasses (44ms)
	RebuildNativeTypeToScriptingClass (15ms)
	initialDomainReloadingComplete (45ms)
	LoadAllAssembliesAndSetupDomain (363ms)
		LoadAssemblies (460ms)
		RebuildTransferFunctionScriptingTraits (0ms)
		AnalyzeDomain (15ms)
			TypeCache.Refresh (6ms)
				TypeCache.ScanAssembly (0ms)
			ScanForSourceGeneratedMonoScriptInfo (0ms)
			ResolveRequiredComponents (7ms)
	FinalizeReload (1912ms)
		ReleaseScriptCaches (0ms)
		RebuildScriptCaches (0ms)
		SetupLoadedEditorAssemblies (602ms)
			LogAssemblyErrors (0ms)
			InitializePlatformSupportModulesInManaged (12ms)
			SetLoadedEditorAssemblies (4ms)
			RefreshPlugins (0ms)
			BeforeProcessingInitializeOnLoad (118ms)
			ProcessInitializeOnLoadAttributes (427ms)
			ProcessInitializeOnLoadMethodAttributes (26ms)
			AfterProcessingInitializeOnLoad (14ms)
			EditorAssembliesLoaded (0ms)
		ExecutionOrderSort2 (0ms)
		AwakeInstancesAfterBackupRestoration (10ms)
Refreshing native plugins compatible for Editor in 16.96 ms, found 6 plugins.
Preloading 0 native plugins for Editor in 0.00 ms.
Unloading 3493 Unused Serialized files (Serialized files now loaded: 0)
Unloading 41 unused Assets / (1.3 MB). Loaded Objects now: 4073.
Memory consumption went from 134.4 MB to 133.0 MB.
Total: 4.524500 ms (FindLiveObjects: 0.451100 ms CreateObjectMapping: 0.126400 ms MarkObjects: 3.433900 ms  DeleteObjects: 0.511300 ms)

Prepare: number of updated asset objects reloaded= 0
AssetImportParameters requested are different than current active one (requested -> active):
  custom:container-demuxer-ogg: 62fdf1f143b41e24485cea50d1cbac27 -> 
  custom:video-codec-MediaFoundation-h265: 746d11721c4dcdbdad8f713fa42b33f4 -> 
  custom:video-decoder-ogg-theora: a1e56fd34408186e4bbccfd4996cb3dc -> 
  custom:framework-win-MediaFoundation: 216162199b28c13a410421893ffa2e32 -> 
  custom:CustomObjectIndexerAttribute: 756ad292c208cfabdd7b50bc23989ffe -> 
  custom:container-demuxer-webm: 4f35f7cbe854078d1ac9338744f61a02 -> 
  custom:container-muxer-webm: aa71ff27fc2769a1b78a27578f13a17b -> 
  custom:video-decoder-webm-vp8: 9c59270c3fd7afecdb556c50c9e8de78 -> 
  custom:SearchIndexIgnoredProperties: e643bd26f0fe6173181afceb89e7c659 -> 
  custom:AudioImporter_EditorPlatform: d09bf68614088b80899f8185d706f6e7 -> 
  custom:video-encoder-webm-vp8: eb34c28f22e8b96e1ab97ce403110664 -> 
  custom:audio-decoder-ogg-vorbis: bf7c407c2cedff20999df2af8eb42d56 -> 
  custom:audio-encoder-webm-vorbis: bf7c407c2cedff20999df2af8eb42d56 -> 
========================================================================
Received Prepare
Begin MonoManager ReloadAssembly
- Loaded All Assemblies, in  0.723 seconds
Refreshing native plugins compatible for Editor in 13.77 ms, found 6 plugins.
Native extension for WindowsStandalone target not found
Native extension for WebGL target not found
[Package Manager] Server::EnsureServerProcessIsRunning -- launch failed, reason: Unity was launched with the -noUpm command-line argument
[Package Manager] UpmClient::Send -- Unable to send message (not connected to UPM process).
[Package Manager] Cannot connect to Unity Package Manager local server
Mono: successfully reloaded assembly
- Finished resetting the current domain, in  1.827 seconds
Domain Reload Profiling: 2541ms
	BeginReloadAssembly (215ms)
		ExecutionOrderSort (0ms)
		DisableScriptedObjects (10ms)
		BackupInstance (0ms)
		ReleaseScriptingObjects (0ms)
		CreateAndSetChildDomain (43ms)
	RebuildCommonClasses (52ms)
	RebuildNativeTypeToScriptingClass (18ms)
	initialDomainReloadingComplete (51ms)
	LoadAllAssembliesAndSetupDomain (377ms)
		LoadAssemblies (466ms)
		RebuildTransferFunctionScriptingTraits (0ms)
		AnalyzeDomain (27ms)
			TypeCache.Refresh (10ms)
				TypeCache.ScanAssembly (0ms)
			ScanForSourceGeneratedMonoScriptInfo (8ms)
			ResolveRequiredComponents (7ms)
	FinalizeReload (1827ms)
		ReleaseScriptCaches (0ms)
		RebuildScriptCaches (0ms)
		SetupLoadedEditorAssemblies (558ms)
			LogAssemblyErrors (0ms)
			InitializePlatformSupportModulesInManaged (11ms)
			SetLoadedEditorAssemblies (4ms)
			RefreshPlugins (0ms)
			BeforeProcessingInitializeOnLoad (107ms)
			ProcessInitializeOnLoadAttributes (389ms)
			ProcessInitializeOnLoadMethodAttributes (31ms)
			AfterProcessingInitializeOnLoad (15ms)
			EditorAssembliesLoaded (0ms)
		ExecutionOrderSort2 (0ms)
		AwakeInstancesAfterBackupRestoration (8ms)
Refreshing native plugins compatible for Editor in 14.36 ms, found 6 plugins.
Preloading 0 native plugins for Editor in 0.00 ms.
Unloading 3501 Unused Serialized files (Serialized files now loaded: 0)
Unloading 41 unused Assets / (1.3 MB). Loaded Objects now: 4096.
Memory consumption went from 136.6 MB to 135.3 MB.
Total: 4.719800 ms (FindLiveObjects: 0.384700 ms CreateObjectMapping: 0.106800 ms MarkObjects: 3.874800 ms  DeleteObjects: 0.352300 ms)

Prepare: number of updated asset objects reloaded= 0
AssetImportParameters requested are different than current active one (requested -> active):
  custom:container-demuxer-ogg: 62fdf1f143b41e24485cea50d1cbac27 -> 
  custom:video-codec-MediaFoundation-h265: 746d11721c4dcdbdad8f713fa42b33f4 -> 
  custom:video-decoder-ogg-theora: a1e56fd34408186e4bbccfd4996cb3dc -> 
  custom:framework-win-MediaFoundation: 216162199b28c13a410421893ffa2e32 -> 
  custom:CustomObjectIndexerAttribute: 756ad292c208cfabdd7b50bc23989ffe -> 
  custom:container-demuxer-webm: 4f35f7cbe854078d1ac9338744f61a02 -> 
  custom:container-muxer-webm: aa71ff27fc2769a1b78a27578f13a17b -> 
  custom:video-decoder-webm-vp8: 9c59270c3fd7afecdb556c50c9e8de78 -> 
  custom:SearchIndexIgnoredProperties: e643bd26f0fe6173181afceb89e7c659 -> 
  custom:AudioImporter_EditorPlatform: d09bf68614088b80899f8185d706f6e7 -> 
  custom:video-encoder-webm-vp8: eb34c28f22e8b96e1ab97ce403110664 -> 
  custom:audio-decoder-ogg-vorbis: bf7c407c2cedff20999df2af8eb42d56 -> 
  custom:audio-encoder-webm-vorbis: bf7c407c2cedff20999df2af8eb42d56 -> 
========================================================================
Received Import Request.
  Time since last request: 1961.970447 seconds.
  path: Assets/Scene Teleportation Kit/Prefabs/player/PlayerManager.prefab
  artifactKey: Guid(5116f9dd433d9e348b1dfd1db8704867) Importer(815301076,1909f56bfc062723c751e8b465ee728b)
Start importing Assets/Scene Teleportation Kit/Prefabs/player/PlayerManager.prefab using Guid(5116f9dd433d9e348b1dfd1db8704867) Importer(815301076,1909f56bfc062723c751e8b465ee728b)  -> (artifact id: '8401244781441c7382436af7c2504f22') in 0.045010 seconds
Number of updated asset objects reloaded before import = 0
Number of asset objects unloaded after import = 167
========================================================================
Received Import Request.
  Time since last request: 4.158717 seconds.
  path: Assets/Scene Teleportation Kit/Prefabs/portal/TeleporterTrigger.prefab
  artifactKey: Guid(1df6986c70fc95148821d53832beae9f) Importer(815301076,1909f56bfc062723c751e8b465ee728b)
Start importing Assets/Scene Teleportation Kit/Prefabs/portal/TeleporterTrigger.prefab using Guid(1df6986c70fc95148821d53832beae9f) Importer(815301076,1909f56bfc062723c751e8b465ee728b)  -> (artifact id: '697a550534911c3ae3644eeffc18c373') in 0.054302 seconds
Number of updated asset objects reloaded before import = 0
Number of asset objects unloaded after import = 8
========================================================================
Received Import Request.
  Time since last request: 29.074577 seconds.
  path: Assets/Scene Teleportation Kit/Prefabs/platforms/platform_green.prefab
  artifactKey: Guid(f00eac6c843dfd949b972f575b92d830) Importer(815301076,1909f56bfc062723c751e8b465ee728b)
Start importing Assets/Scene Teleportation Kit/Prefabs/platforms/platform_green.prefab using Guid(f00eac6c843dfd949b972f575b92d830) Importer(815301076,1909f56bfc062723c751e8b465ee728b)  -> (artifact id: '852258a0393b3a022cd259e1ff88de7f') in 0.280056 seconds
Number of updated asset objects reloaded before import = 0
Number of asset objects unloaded after import = 663
========================================================================
Received Import Request.
  Time since last request: 0.000028 seconds.
  path: Assets/Scene Teleportation Kit/Prefabs/platforms/platform_red.prefab
  artifactKey: Guid(daaf6de7ed47089488935667d2b5ab77) Importer(815301076,1909f56bfc062723c751e8b465ee728b)
Start importing Assets/Scene Teleportation Kit/Prefabs/platforms/platform_red.prefab using Guid(daaf6de7ed47089488935667d2b5ab77) Importer(815301076,1909f56bfc062723c751e8b465ee728b)  -> (artifact id: '7b216526c44d633e5b0c438ec1ffe0dd') in 0.074429 seconds
Number of updated asset objects reloaded before import = 0
Number of asset objects unloaded after import = 663
========================================================================
Received Import Request.
  Time since last request: 0.000036 seconds.
  path: Assets/Scene Teleportation Kit/Prefabs/platforms/platform_orange.prefab
  artifactKey: Guid(f301a1b0e1322c04a98ed2d18d94a3d5) Importer(815301076,1909f56bfc062723c751e8b465ee728b)
Start importing Assets/Scene Teleportation Kit/Prefabs/platforms/platform_orange.prefab using Guid(f301a1b0e1322c04a98ed2d18d94a3d5) Importer(815301076,1909f56bfc062723c751e8b465ee728b)  -> (artifact id: '49e8a23317531763185ad92e21f90bf8') in 0.079193 seconds
Number of updated asset objects reloaded before import = 0
Number of asset objects unloaded after import = 663
========================================================================
Received Import Request.
  Time since last request: 1.459574 seconds.
  path: Assets/Scene Teleportation Kit/Prefabs/platform/Connector_Round.prefab
  artifactKey: Guid(ee3e3c8068f2c7e4bb9e4465af5206bb) Importer(815301076,1909f56bfc062723c751e8b465ee728b)
Start importing Assets/Scene Teleportation Kit/Prefabs/platform/Connector_Round.prefab using Guid(ee3e3c8068f2c7e4bb9e4465af5206bb) Importer(815301076,1909f56bfc062723c751e8b465ee728b)  -> (artifact id: 'edf02531d41f781810589b76a03e9e7d') in 0.036332 seconds
Number of updated asset objects reloaded before import = 0
Number of asset objects unloaded after import = 15
========================================================================
Received Import Request.
  Time since last request: 0.000020 seconds.
  path: Assets/Scene Teleportation Kit/Prefabs/platform/Disc_White.prefab
  artifactKey: Guid(6ba3b2d43edead840bdf2414f3074c24) Importer(815301076,1909f56bfc062723c751e8b465ee728b)
Start importing Assets/Scene Teleportation Kit/Prefabs/platform/Disc_White.prefab using Guid(6ba3b2d43edead840bdf2414f3074c24) Importer(815301076,1909f56bfc062723c751e8b465ee728b)  -> (artifact id: '9dff69ccd1e8c755680407f141d81d34') in 0.037292 seconds
Number of updated asset objects reloaded before import = 0
Number of asset objects unloaded after import = 13
========================================================================
Received Import Request.
  Time since last request: 0.000019 seconds.
  path: Assets/Scene Teleportation Kit/Prefabs/platform/Disc_Blue.prefab
  artifactKey: Guid(3107b0e11fcf98e46bb443ff78f734d8) Importer(815301076,1909f56bfc062723c751e8b465ee728b)
Start importing Assets/Scene Teleportation Kit/Prefabs/platform/Disc_Blue.prefab using Guid(3107b0e11fcf98e46bb443ff78f734d8) Importer(815301076,1909f56bfc062723c751e8b465ee728b)  -> (artifact id: 'b2db83a8104a93713c36f457d5d50de2') in 0.039142 seconds
Number of updated asset objects reloaded before import = 0
Number of asset objects unloaded after import = 13
========================================================================
Received Import Request.
  Time since last request: 0.000025 seconds.
  path: Assets/Scene Teleportation Kit/Prefabs/platform/portals_modular_collection.prefab
  artifactKey: Guid(91ee48c63e30807468732727d96532f5) Importer(815301076,1909f56bfc062723c751e8b465ee728b)
Start importing Assets/Scene Teleportation Kit/Prefabs/platform/portals_modular_collection.prefab using Guid(91ee48c63e30807468732727d96532f5) Importer(815301076,1909f56bfc062723c751e8b465ee728b)  -> (artifact id: '9bbe3efdd2224430c6e9b02e82e22ece') in 0.040776 seconds
Number of updated asset objects reloaded before import = 0
Number of asset objects unloaded after import = 213
========================================================================
Received Import Request.
  Time since last request: 0.000032 seconds.
  path: Assets/Scene Teleportation Kit/Prefabs/platform/Disc_Purple.prefab
  artifactKey: Guid(bd549e8f401958e4e95f46d1bdec1bad) Importer(815301076,1909f56bfc062723c751e8b465ee728b)
Start importing Assets/Scene Teleportation Kit/Prefabs/platform/Disc_Purple.prefab using Guid(bd549e8f401958e4e95f46d1bdec1bad) Importer(815301076,1909f56bfc062723c751e8b465ee728b)  -> (artifact id: 'eacf3c61b2f42528c2806d311a3d0fdc') in 0.034254 seconds
Number of updated asset objects reloaded before import = 0
Number of asset objects unloaded after import = 13
========================================================================
Received Import Request.
  Time since last request: 0.000021 seconds.
  path: Assets/Scene Teleportation Kit/Prefabs/platform/Disc_Orange.prefab
  artifactKey: Guid(74427d55bbb131a42a455163ffdeabe3) Importer(815301076,1909f56bfc062723c751e8b465ee728b)
Start importing Assets/Scene Teleportation Kit/Prefabs/platform/Disc_Orange.prefab using Guid(74427d55bbb131a42a455163ffdeabe3) Importer(815301076,1909f56bfc062723c751e8b465ee728b)  -> (artifact id: '45b20772e411868f0b339cd82aee0361') in 0.034704 seconds
Number of updated asset objects reloaded before import = 0
Number of asset objects unloaded after import = 13
========================================================================
Received Import Request.
  Time since last request: 0.000029 seconds.
  path: Assets/Scene Teleportation Kit/Prefabs/platform/Disc_Pink.prefab
  artifactKey: Guid(0455d3a3f82f49a49a7c5ed5b6d051f1) Importer(815301076,1909f56bfc062723c751e8b465ee728b)
Start importing Assets/Scene Teleportation Kit/Prefabs/platform/Disc_Pink.prefab using Guid(0455d3a3f82f49a49a7c5ed5b6d051f1) Importer(815301076,1909f56bfc062723c751e8b465ee728b)  -> (artifact id: 'dc1c0de7c972df1f404df6f4db68d5a7') in 0.033946 seconds
Number of updated asset objects reloaded before import = 0
Number of asset objects unloaded after import = 13
========================================================================
Received Import Request.
  Time since last request: 0.000019 seconds.
  path: Assets/Scene Teleportation Kit/Prefabs/platform/Disc_Red.prefab
  artifactKey: Guid(6792dd0647cc8c8458a059f9a734f0ff) Importer(815301076,1909f56bfc062723c751e8b465ee728b)
Start importing Assets/Scene Teleportation Kit/Prefabs/platform/Disc_Red.prefab using Guid(6792dd0647cc8c8458a059f9a734f0ff) Importer(815301076,1909f56bfc062723c751e8b465ee728b)  -> (artifact id: '89c69929200fb5573e88d2c95bea0b90') in 0.034665 seconds
Number of updated asset objects reloaded before import = 0
Number of asset objects unloaded after import = 13
========================================================================
Received Import Request.
  Time since last request: 2.112447 seconds.
  path: Assets/Scene Teleportation Kit/Prefabs/ground/ground_green.prefab
  artifactKey: Guid(10db2c2f5ad0be14baf03b992615c123) Importer(815301076,1909f56bfc062723c751e8b465ee728b)
Start importing Assets/Scene Teleportation Kit/Prefabs/ground/ground_green.prefab using Guid(10db2c2f5ad0be14baf03b992615c123) Importer(815301076,1909f56bfc062723c751e8b465ee728b)  -> (artifact id: '28c39145f7eb7736b99f4c28d9d09c26') in 0.021569 seconds
Number of updated asset objects reloaded before import = 0
Number of asset objects unloaded after import = 8
========================================================================
Received Import Request.
  Time since last request: 0.000023 seconds.
  path: Assets/Scene Teleportation Kit/Prefabs/ground/ground_orange.prefab
  artifactKey: Guid(30ad1f19a84bfd544b7a8039af5cb53a) Importer(815301076,1909f56bfc062723c751e8b465ee728b)
Start importing Assets/Scene Teleportation Kit/Prefabs/ground/ground_orange.prefab using Guid(30ad1f19a84bfd544b7a8039af5cb53a) Importer(815301076,1909f56bfc062723c751e8b465ee728b)  -> (artifact id: '9e298ed423a024e7fbf009096e9ed69b') in 0.022095 seconds
Number of updated asset objects reloaded before import = 0
Number of asset objects unloaded after import = 8
========================================================================
Received Import Request.
  Time since last request: 1364.517055 seconds.
  path: Assets/Props_3D/Materials/material_fire.mat
  artifactKey: Guid(465135be1ff5147b8a2354cde93b58cc) Importer(815301076,1909f56bfc062723c751e8b465ee728b)
Start importing Assets/Props_3D/Materials/material_fire.mat using Guid(465135be1ff5147b8a2354cde93b58cc) Importer(815301076,1909f56bfc062723c751e8b465ee728b)  -> (artifact id: '55b11a66ee0cd779c8607541c006a5e3') in 0.047620 seconds
Number of updated asset objects reloaded before import = 0
Number of asset objects unloaded after import = 1
========================================================================
Received Import Request.
  Time since last request: 0.000023 seconds.
  path: Assets/Props_3D/Materials/material_hourglass.mat
  artifactKey: Guid(1e2bede88db814463b6c5e982ec91f09) Importer(815301076,1909f56bfc062723c751e8b465ee728b)
Start importing Assets/Props_3D/Materials/material_hourglass.mat using Guid(1e2bede88db814463b6c5e982ec91f09) Importer(815301076,1909f56bfc062723c751e8b465ee728b)  -> (artifact id: 'e140d6824ac290dd7f63c37533c9d31f') in 0.041036 seconds
Number of updated asset objects reloaded before import = 0
Number of asset objects unloaded after import = 5
========================================================================
Received Import Request.
  Time since last request: 0.000022 seconds.
  path: Assets/Props_3D/Materials/material_scroll_lowpoly.mat
  artifactKey: Guid(53af6f9652e244bd9968981fb837f30f) Importer(815301076,1909f56bfc062723c751e8b465ee728b)
Start importing Assets/Props_3D/Materials/material_scroll_lowpoly.mat using Guid(53af6f9652e244bd9968981fb837f30f) Importer(815301076,1909f56bfc062723c751e8b465ee728b)  -> (artifact id: '3c37aeef25658ef69678fa4a7c2b2f7d') in 0.034445 seconds
Number of updated asset objects reloaded before import = 0
Number of asset objects unloaded after import = 4
========================================================================
Received Import Request.
  Time since last request: 0.000019 seconds.
  path: Assets/Props_3D/Materials/particle_spark.mat
  artifactKey: Guid(540337fdff23a4ba39eb4653b5ae63af) Importer(815301076,1909f56bfc062723c751e8b465ee728b)
Start importing Assets/Props_3D/Materials/particle_spark.mat using Guid(540337fdff23a4ba39eb4653b5ae63af) Importer(815301076,1909f56bfc062723c751e8b465ee728b)  -> (artifact id: 'a354bae585286e927051fbc15a4c0e0d') in 0.028102 seconds
Number of updated asset objects reloaded before import = 0
Number of asset objects unloaded after import = 2
========================================================================
Received Import Request.
  Time since last request: 0.000027 seconds.
  path: Assets/Props_3D/Materials/material_scroll.mat
  artifactKey: Guid(27faf1361fdda412fa7d4b949a77e1bc) Importer(815301076,1909f56bfc062723c751e8b465ee728b)
Start importing Assets/Props_3D/Materials/material_scroll.mat using Guid(27faf1361fdda412fa7d4b949a77e1bc) Importer(815301076,1909f56bfc062723c751e8b465ee728b)  -> (artifact id: 'ccfb7bc2556501a13aadf204085034ae') in 0.032654 seconds
Number of updated asset objects reloaded before import = 0
Number of asset objects unloaded after import = 4
========================================================================
Received Import Request.
  Time since last request: 0.000033 seconds.
  path: Assets/Props_3D/Materials/material_lamp.mat
  artifactKey: Guid(6e087311ccce14af3a101b7aeabbd8e0) Importer(815301076,1909f56bfc062723c751e8b465ee728b)
Start importing Assets/Props_3D/Materials/material_lamp.mat using Guid(6e087311ccce14af3a101b7aeabbd8e0) Importer(815301076,1909f56bfc062723c751e8b465ee728b)  -> (artifact id: '1b55b1f4f9c3a2c31ffc3113c6d3c1b8') in 0.048815 seconds
Number of updated asset objects reloaded before import = 0
Number of asset objects unloaded after import = 6
========================================================================
Received Import Request.
  Time since last request: 0.000022 seconds.
  path: Assets/Props_3D/Materials/material_powder.mat
  artifactKey: Guid(a26f45c6ad43d44038d1cc53bbc6d39f) Importer(815301076,1909f56bfc062723c751e8b465ee728b)
Start importing Assets/Props_3D/Materials/material_powder.mat using Guid(a26f45c6ad43d44038d1cc53bbc6d39f) Importer(815301076,1909f56bfc062723c751e8b465ee728b)  -> (artifact id: '0f110d287b67ee4e6078e0ca3aed3d25') in 0.030077 seconds
Number of updated asset objects reloaded before import = 0
Number of asset objects unloaded after import = 4
========================================================================
Received Import Request.
  Time since last request: 0.000021 seconds.
  path: Assets/Props_3D/Materials/material_watch.mat
  artifactKey: Guid(175f80595dfc6435e94313997ba550ad) Importer(815301076,1909f56bfc062723c751e8b465ee728b)
Start importing Assets/Props_3D/Materials/material_watch.mat using Guid(175f80595dfc6435e94313997ba550ad) Importer(815301076,1909f56bfc062723c751e8b465ee728b)  -> (artifact id: '62b8123a8d985050c2f65ade9d363dbd') in 0.033841 seconds
Number of updated asset objects reloaded before import = 0
Number of asset objects unloaded after import = 4
========================================================================
Received Import Request.
  Time since last request: 0.000029 seconds.
  path: Assets/Props_3D/Materials/material_hourglass_sand.mat
  artifactKey: Guid(cff366b0e28714634999295565a03a61) Importer(815301076,1909f56bfc062723c751e8b465ee728b)
Start importing Assets/Props_3D/Materials/material_hourglass_sand.mat using Guid(cff366b0e28714634999295565a03a61) Importer(815301076,1909f56bfc062723c751e8b465ee728b)  -> (artifact id: '3f7764b99e4b10859d197094ea98cf6d') in 0.010667 seconds
Number of updated asset objects reloaded before import = 0
Number of asset objects unloaded after import = 1
========================================================================
Received Import Request.
  Time since last request: 0.000028 seconds.
  path: Assets/Props_3D/Materials/material_watch_lowpoly.mat
  artifactKey: Guid(fd499daf74cb241a49339d31c8fe7027) Importer(815301076,1909f56bfc062723c751e8b465ee728b)
Start importing Assets/Props_3D/Materials/material_watch_lowpoly.mat using Guid(fd499daf74cb241a49339d31c8fe7027) Importer(815301076,1909f56bfc062723c751e8b465ee728b)  -> (artifact id: '809c46f599200c7a59689a6fb356ad98') in 0.032469 seconds
Number of updated asset objects reloaded before import = 0
Number of asset objects unloaded after import = 4
========================================================================
Received Import Request.
  Time since last request: 6.478957 seconds.
  path: Assets/Scene Teleportation Kit/Art/Materials/ground_mat_orange.mat
  artifactKey: Guid(379cf5463c429a542b28d551571d4b5e) Importer(815301076,1909f56bfc062723c751e8b465ee728b)
Start importing Assets/Scene Teleportation Kit/Art/Materials/ground_mat_orange.mat using Guid(379cf5463c429a542b28d551571d4b5e) Importer(815301076,1909f56bfc062723c751e8b465ee728b)  -> (artifact id: 'a3b7ca2e8d9d913f9095067e72fdf4a1') in 0.017951 seconds
Number of updated asset objects reloaded before import = 0
Number of asset objects unloaded after import = 1
========================================================================
Received Import Request.
  Time since last request: 0.000022 seconds.
  path: Assets/Scene Teleportation Kit/Art/Materials/ground_pulse.mat
  artifactKey: Guid(2f382e41402a4b844bbd08e9b79510ea) Importer(815301076,1909f56bfc062723c751e8b465ee728b)
Start importing Assets/Scene Teleportation Kit/Art/Materials/ground_pulse.mat using Guid(2f382e41402a4b844bbd08e9b79510ea) Importer(815301076,1909f56bfc062723c751e8b465ee728b)  -> (artifact id: 'e0c51ddd757b9b65205b4bf395166707') in 0.163164 seconds
Number of updated asset objects reloaded before import = 0
Number of asset objects unloaded after import = 2
========================================================================
Received Import Request.
  Time since last request: 0.000028 seconds.
  path: Assets/Scene Teleportation Kit/Art/Materials/portal_material_green.mat
  artifactKey: Guid(998369e4c70899b42bd5701835ded7f0) Importer(815301076,1909f56bfc062723c751e8b465ee728b)
Start importing Assets/Scene Teleportation Kit/Art/Materials/portal_material_green.mat using Guid(998369e4c70899b42bd5701835ded7f0) Importer(815301076,1909f56bfc062723c751e8b465ee728b)  -> (artifact id: '9c587b404bb74b53011183c09d7804be') in 0.043289 seconds
Number of updated asset objects reloaded before import = 0
Number of asset objects unloaded after import = 5
========================================================================
Received Import Request.
  Time since last request: 0.000032 seconds.
  path: Assets/Scene Teleportation Kit/Art/Materials/ground_mat_yellow.mat
  artifactKey: Guid(2b1a96475fe24244f87347499bfacb07) Importer(815301076,1909f56bfc062723c751e8b465ee728b)
Start importing Assets/Scene Teleportation Kit/Art/Materials/ground_mat_yellow.mat using Guid(2b1a96475fe24244f87347499bfacb07) Importer(815301076,1909f56bfc062723c751e8b465ee728b)  -> (artifact id: '1752ceac5d1e63d25157e3dcb8088f85') in 0.025331 seconds
Number of updated asset objects reloaded before import = 0
Number of asset objects unloaded after import = 1
========================================================================
Received Import Request.
  Time since last request: 2.860944 seconds.
  path: Assets/Scene Teleportation Kit/Art/Meshes/ground_orange.prefab
  artifactKey: Guid(d9d4f427cf9ec194a879a341066d1247) Importer(815301076,1909f56bfc062723c751e8b465ee728b)
Start importing Assets/Scene Teleportation Kit/Art/Meshes/ground_orange.prefab using Guid(d9d4f427cf9ec194a879a341066d1247) Importer(815301076,1909f56bfc062723c751e8b465ee728b)  -> (artifact id: '598a30044d8c80989f6375e95efe0ee7') in 0.022995 seconds
Number of updated asset objects reloaded before import = 0
Number of asset objects unloaded after import = 8
========================================================================
Received Import Request.
  Time since last request: 0.000026 seconds.
  path: Assets/Scene Teleportation Kit/Art/Meshes/MH_character.fbx
  artifactKey: Guid(b0d5913cbc8bb1e4da93e240bcb28bba) Importer(815301076,1909f56bfc062723c751e8b465ee728b)
Start importing Assets/Scene Teleportation Kit/Art/Meshes/MH_character.fbx using Guid(b0d5913cbc8bb1e4da93e240bcb28bba) Importer(815301076,1909f56bfc062723c751e8b465ee728b)  -> (artifact id: 'd8cb754207296070af747067c5529763') in 0.496846 seconds
Number of updated asset objects reloaded before import = 0
Number of asset objects unloaded after import = 169
========================================================================
Received Import Request.
  Time since last request: 140.019301 seconds.
  path: Assets/Props_3D/Fbx/bottle1_lowpoly.fbx
  artifactKey: Guid(b22e90284f1b14bf98ab20314eef2c48) Importer(815301076,1909f56bfc062723c751e8b465ee728b)
Start importing Assets/Props_3D/Fbx/bottle1_lowpoly.fbx using Guid(b22e90284f1b14bf98ab20314eef2c48) Importer(815301076,1909f56bfc062723c751e8b465ee728b)  -> (artifact id: '4995fa948f6d2d41ed99401fd50e42b7') in 0.048135 seconds
Number of updated asset objects reloaded before import = 0
Number of asset objects unloaded after import = 12
========================================================================
Received Import Request.
  Time since last request: 0.302919 seconds.
  path: Assets/Props_3D/Fbx/bottle2.fbx
  artifactKey: Guid(fe5a60c5b046441af9c8f07a87357b0d) Importer(815301076,1909f56bfc062723c751e8b465ee728b)
Start importing Assets/Props_3D/Fbx/bottle2.fbx using Guid(fe5a60c5b046441af9c8f07a87357b0d) Importer(815301076,1909f56bfc062723c751e8b465ee728b)  -> (artifact id: 'f3b43b770feb875e7c871743e08205f3') in 0.048970 seconds
Number of updated asset objects reloaded before import = 0
Number of asset objects unloaded after import = 12
========================================================================
Received Import Request.
  Time since last request: 0.000022 seconds.
  path: Assets/Props_3D/Fbx/bottle2_lowpoly.fbx
  artifactKey: Guid(8aabb0f72a3834c9c9d1d1f139e669fc) Importer(815301076,1909f56bfc062723c751e8b465ee728b)
Start importing Assets/Props_3D/Fbx/bottle2_lowpoly.fbx using Guid(8aabb0f72a3834c9c9d1d1f139e669fc) Importer(815301076,1909f56bfc062723c751e8b465ee728b)  -> (artifact id: '0c916fd3bba7235c0b2bc675adbf97fd') in 0.025221 seconds
Number of updated asset objects reloaded before import = 0
Number of asset objects unloaded after import = 12
========================================================================
Received Import Request.
  Time since last request: 0.299696 seconds.
  path: Assets/Props_3D/Fbx/bottle3.fbx
  artifactKey: Guid(431a7680eae0c4bfe88c27ed265acb2d) Importer(815301076,1909f56bfc062723c751e8b465ee728b)
Start importing Assets/Props_3D/Fbx/bottle3.fbx using Guid(431a7680eae0c4bfe88c27ed265acb2d) Importer(815301076,1909f56bfc062723c751e8b465ee728b)  -> (artifact id: '357146c4fab954285ed51560dd32160e') in 0.046571 seconds
Number of updated asset objects reloaded before import = 0
Number of asset objects unloaded after import = 12
========================================================================
Received Import Request.
  Time since last request: 0.008163 seconds.
  path: Assets/Props_3D/Fbx/bottle3_lowpoly.fbx
  artifactKey: Guid(77a94b527bd94436baf8d92cde91d7a9) Importer(815301076,1909f56bfc062723c751e8b465ee728b)
Start importing Assets/Props_3D/Fbx/bottle3_lowpoly.fbx using Guid(77a94b527bd94436baf8d92cde91d7a9) Importer(815301076,1909f56bfc062723c751e8b465ee728b)  -> (artifact id: '531e2e55e853ad905c98e695de269157') in 0.031887 seconds
Number of updated asset objects reloaded before import = 0
Number of asset objects unloaded after import = 12
========================================================================
Received Import Request.
  Time since last request: 0.639999 seconds.
  path: Assets/Props_3D/Fbx/candle_lowpoly.fbx
  artifactKey: Guid(8ea9d695dad624ff5ae1d4528e25b66a) Importer(815301076,1909f56bfc062723c751e8b465ee728b)
Start importing Assets/Props_3D/Fbx/candle_lowpoly.fbx using Guid(8ea9d695dad624ff5ae1d4528e25b66a) Importer(815301076,1909f56bfc062723c751e8b465ee728b)  -> (artifact id: '645b15234d123a1946fc4a72946c5a40') in 0.026023 seconds
Number of updated asset objects reloaded before import = 0
Number of asset objects unloaded after import = 11
========================================================================
Received Import Request.
  Time since last request: 0.340941 seconds.
  path: Assets/Props_3D/Fbx/coin_lowpoly.fbx
  artifactKey: Guid(b1d95614ee3094c33b4abfc5e5df469d) Importer(815301076,1909f56bfc062723c751e8b465ee728b)
Start importing Assets/Props_3D/Fbx/coin_lowpoly.fbx using Guid(b1d95614ee3094c33b4abfc5e5df469d) Importer(815301076,1909f56bfc062723c751e8b465ee728b)  -> (artifact id: '788acd88324da17ad3407140bd846a27') in 0.283738 seconds
Number of updated asset objects reloaded before import = 0
Number of asset objects unloaded after import = 11
========================================================================
Received Import Request.
  Time since last request: 0.063922 seconds.
  path: Assets/Props_3D/Fbx/diamond_collider.fbx
  artifactKey: Guid(d1724900deb6a49c283aa73ccbc62e95) Importer(815301076,1909f56bfc062723c751e8b465ee728b)
Start importing Assets/Props_3D/Fbx/diamond_collider.fbx using Guid(d1724900deb6a49c283aa73ccbc62e95) Importer(815301076,1909f56bfc062723c751e8b465ee728b)  -> (artifact id: '5c783ac43e7af23579f40513997cb801') in 0.024295 seconds
Number of updated asset objects reloaded before import = 0
Number of asset objects unloaded after import = 8
========================================================================
Received Import Request.
  Time since last request: 3.111657 seconds.
  path: Assets/Props_3D/Fbx/hourglass_collider.fbx
  artifactKey: Guid(ac1a83281c12447eba28ae5c608af3e4) Importer(815301076,1909f56bfc062723c751e8b465ee728b)
Start importing Assets/Props_3D/Fbx/hourglass_collider.fbx using Guid(ac1a83281c12447eba28ae5c608af3e4) Importer(815301076,1909f56bfc062723c751e8b465ee728b)  -> (artifact id: '70071b85ab3b36b72c296648d21f0096') in 0.025112 seconds
Number of updated asset objects reloaded before import = 0
Number of asset objects unloaded after import = 12
========================================================================
Received Import Request.
  Time since last request: 0.046472 seconds.
  path: Assets/Props_3D/Fbx/hourglass_lowpoly_sand.fbx
  artifactKey: Guid(0b1ad053a401f47baa35917b3406ae10) Importer(815301076,1909f56bfc062723c751e8b465ee728b)
Start importing Assets/Props_3D/Fbx/hourglass_lowpoly_sand.fbx using Guid(0b1ad053a401f47baa35917b3406ae10) Importer(815301076,1909f56bfc062723c751e8b465ee728b)  -> (artifact id: '8762aebe173e9d0e898892f54c34b7b7') in 0.026592 seconds
Number of updated asset objects reloaded before import = 0
Number of asset objects unloaded after import = 8
========================================================================
Received Import Request.
  Time since last request: 0.685021 seconds.
  path: Assets/Props_3D/Fbx/lamp_lowpoly.fbx
  artifactKey: Guid(5e8cbbf12052d40ffa0db9930776c1e2) Importer(815301076,1909f56bfc062723c751e8b465ee728b)
Start importing Assets/Props_3D/Fbx/lamp_lowpoly.fbx using Guid(5e8cbbf12052d40ffa0db9930776c1e2) Importer(815301076,1909f56bfc062723c751e8b465ee728b)  -> (artifact id: '8adca861639a5a723c9710a4ba6961d8') in 0.030673 seconds
Number of updated asset objects reloaded before import = 0
Number of asset objects unloaded after import = 13
========================================================================
Received Import Request.
  Time since last request: 4.716299 seconds.
  path: Assets/Props_3D/Fbx/scroll_collider.fbx
  artifactKey: Guid(540b823b6c5e947659043156c947c115) Importer(815301076,1909f56bfc062723c751e8b465ee728b)
Start importing Assets/Props_3D/Fbx/scroll_collider.fbx using Guid(540b823b6c5e947659043156c947c115) Importer(815301076,1909f56bfc062723c751e8b465ee728b)  -> (artifact id: 'a2fa14b36b7ab271b6444382c3005ab5') in 0.024092 seconds
Number of updated asset objects reloaded before import = 0
Number of asset objects unloaded after import = 11
========================================================================
Received Import Request.
  Time since last request: 2.710137 seconds.
  path: Assets/Props_3D/Fbx/watch_bone.fbx
  artifactKey: Guid(3a246f780f8ed4347841ba5765d0bfa2) Importer(815301076,1909f56bfc062723c751e8b465ee728b)
Start importing Assets/Props_3D/Fbx/watch_bone.fbx using Guid(3a246f780f8ed4347841ba5765d0bfa2) Importer(815301076,1909f56bfc062723c751e8b465ee728b)  -> (artifact id: 'a9f7baf712e0fd4cfaa64adfcce16a8d') in 0.032134 seconds
Number of updated asset objects reloaded before import = 0
Number of asset objects unloaded after import = 22
========================================================================
Received Import Request.
  Time since last request: 1428.653140 seconds.
  path: Assets/Potions/1/Potion1.prefab
  artifactKey: Guid(3f27dcffbb9271743ac0c6aeb34204b0) Importer(815301076,1909f56bfc062723c751e8b465ee728b)
Start importing Assets/Potions/1/Potion1.prefab using Guid(3f27dcffbb9271743ac0c6aeb34204b0) Importer(815301076,1909f56bfc062723c751e8b465ee728b)  -> (artifact id: '561a8bc7b038ed15aaa1947f3782a995') in 0.022598 seconds
Number of updated asset objects reloaded before import = 0
Number of asset objects unloaded after import = 9
========================================================================
Received Import Request.
  Time since last request: 7.720536 seconds.
  path: Assets/Potions/3/Potion3.prefab
  artifactKey: Guid(cd8dfdfc9730cee438d3bdecd2b91ecf) Importer(815301076,1909f56bfc062723c751e8b465ee728b)
Start importing Assets/Potions/3/Potion3.prefab using Guid(cd8dfdfc9730cee438d3bdecd2b91ecf) Importer(815301076,1909f56bfc062723c751e8b465ee728b)  -> (artifact id: '4a75f8275e5e057483a9964477c56616') in 0.021570 seconds
Number of updated asset objects reloaded before import = 0
Number of asset objects unloaded after import = 9
========================================================================
Received Import Request.
  Time since last request: 2.478444 seconds.
  path: Assets/Potions/2/Potion2.prefab
  artifactKey: Guid(4aa797e76f098424da503cf56c19fc22) Importer(815301076,1909f56bfc062723c751e8b465ee728b)
Start importing Assets/Potions/2/Potion2.prefab using Guid(4aa797e76f098424da503cf56c19fc22) Importer(815301076,1909f56bfc062723c751e8b465ee728b)  -> (artifact id: '5ae5ecd7a3a7e6981aa4da562a51c0a1') in 0.019419 seconds
Number of updated asset objects reloaded before import = 0
Number of asset objects unloaded after import = 9
========================================================================
Received Import Request.
  Time since last request: 204.922672 seconds.
  path: Assets/Potions/3/Materials/defaultMat.mat
  artifactKey: Guid(e52d865673e2251499f9b3513df070ae) Importer(815301076,1909f56bfc062723c751e8b465ee728b)
Start importing Assets/Potions/3/Materials/defaultMat.mat using Guid(e52d865673e2251499f9b3513df070ae) Importer(815301076,1909f56bfc062723c751e8b465ee728b)  -> (artifact id: 'c755e743accf6f187714887d369046be') in 0.020679 seconds
Number of updated asset objects reloaded before import = 0
Number of asset objects unloaded after import = 1
========================================================================
Received Import Request.
  Time since last request: 8.120803 seconds.
  path: Assets/Jammo-Character/Materials/m_jammo_metal.mat
  artifactKey: Guid(60c2f0e0aaa8f8d4e9d23d7e3768653b) Importer(815301076,1909f56bfc062723c751e8b465ee728b)
Start importing Assets/Jammo-Character/Materials/m_jammo_metal.mat using Guid(60c2f0e0aaa8f8d4e9d23d7e3768653b) Importer(815301076,1909f56bfc062723c751e8b465ee728b)  -> (artifact id: '73c5a3102060a9b253e63e2168409711') in 0.063403 seconds
Number of updated asset objects reloaded before import = 0
Number of asset objects unloaded after import = 5
