Using pre-set license
Built from '2022.3/staging' branch; Version is '2022.3.10f1 (ff3792e53c62) revision 16725906'; Using compiler version '192829333'; Build Type 'Release'
OS: 'Windows 11  (10.0.22621) 64bit Professional' Language: 'es' Physical Memory: 40893 MB
BatchMode: 1, IsHumanControllingUs: 0, StartBugReporterOnCrash: 0, Is64bit: 1, IsPro: 1

COMMAND LINE ARGUMENTS:
C:\Program Files\Unity\Hub\Editor\2022.3.10f1\Editor\Unity.exe
-adb2
-batchMode
-noUpm
-name
AssetImportWorker2
-projectPath
D:/inacap/Carlos Salfate/Evaluacion 3/My 3D project
-logFile
Logs/AssetImportWorker2.log
-srvPort
53599
Successfully changed project path to: D:/inacap/Carlos Salfate/Evaluacion 3/My 3D project
D:/inacap/Carlos Salfate/Evaluacion 3/My 3D project
[UnityMemory] Configuration Parameters - Can be set up in boot.config
    "memorysetup-bucket-allocator-granularity=16"
    "memorysetup-bucket-allocator-bucket-count=8"
    "memorysetup-bucket-allocator-block-size=33554432"
    "memorysetup-bucket-allocator-block-count=8"
    "memorysetup-main-allocator-block-size=16777216"
    "memorysetup-thread-allocator-block-size=16777216"
    "memorysetup-gfx-main-allocator-block-size=16777216"
    "memorysetup-gfx-thread-allocator-block-size=16777216"
    "memorysetup-cache-allocator-block-size=4194304"
    "memorysetup-typetree-allocator-block-size=2097152"
    "memorysetup-profiler-bucket-allocator-granularity=16"
    "memorysetup-profiler-bucket-allocator-bucket-count=8"
    "memorysetup-profiler-bucket-allocator-block-size=33554432"
    "memorysetup-profiler-bucket-allocator-block-count=8"
    "memorysetup-profiler-allocator-block-size=16777216"
    "memorysetup-profiler-editor-allocator-block-size=1048576"
    "memorysetup-temp-allocator-size-main=16777216"
    "memorysetup-job-temp-allocator-block-size=2097152"
    "memorysetup-job-temp-allocator-block-size-background=1048576"
    "memorysetup-job-temp-allocator-reduction-small-platforms=262144"
    "memorysetup-allocator-temp-initial-block-size-main=262144"
    "memorysetup-allocator-temp-initial-block-size-worker=262144"
    "memorysetup-temp-allocator-size-background-worker=32768"
    "memorysetup-temp-allocator-size-job-worker=262144"
    "memorysetup-temp-allocator-size-preload-manager=33554432"
    "memorysetup-temp-allocator-size-nav-mesh-worker=65536"
    "memorysetup-temp-allocator-size-audio-worker=65536"
    "memorysetup-temp-allocator-size-cloud-worker=32768"
    "memorysetup-temp-allocator-size-gi-baking-worker=262144"
    "memorysetup-temp-allocator-size-gfx=262144"
Player connection [18764] Host "[IP] 192.168.100.3 [Port] 0 [Flags] 2 [Guid] 3331261276 [EditorId] 3331261276 [Version] 1048832 [Id] WindowsEditor(7,Sebastian) [Debug] 1 [PackageName] WindowsEditor [ProjectName] Editor" joined multi-casting on [225.0.0.222:54997]...

Player connection [18764] Host "[IP] 192.168.100.3 [Port] 0 [Flags] 2 [Guid] 3331261276 [EditorId] 3331261276 [Version] 1048832 [Id] WindowsEditor(7,Sebastian) [Debug] 1 [PackageName] WindowsEditor [ProjectName] Editor" joined alternative multi-casting on [225.0.0.222:34997]...

[Physics::Module] Initialized MultithreadedJobDispatcher with 11 workers.
Refreshing native plugins compatible for Editor in 24.39 ms, found 6 plugins.
Preloading 0 native plugins for Editor in 0.00 ms.
Initialize engine version: 2022.3.10f1 (ff3792e53c62)
[Subsystems] Discovering subsystems at path C:/Program Files/Unity/Hub/Editor/2022.3.10f1/Editor/Data/Resources/UnitySubsystems
[Subsystems] Discovering subsystems at path D:/inacap/Carlos Salfate/Evaluacion 3/My 3D project/Assets
GfxDevice: creating device client; threaded=0; jobified=0
Direct3D:
    Version:  Direct3D 11.0 [level 11.1]
    Renderer: Radeon RX 580 Series (ID=0x67df)
    Vendor:   ATI
    VRAM:     8170 MB
    Driver:   31.0.21905.1001
Initialize mono
Mono path[0] = 'C:/Program Files/Unity/Hub/Editor/2022.3.10f1/Editor/Data/Managed'
Mono path[1] = 'C:/Program Files/Unity/Hub/Editor/2022.3.10f1/Editor/Data/MonoBleedingEdge/lib/mono/unityjit-win32'
Mono config path = 'C:/Program Files/Unity/Hub/Editor/2022.3.10f1/Editor/Data/MonoBleedingEdge/etc'
Using monoOptions --debugger-agent=transport=dt_socket,embedding=1,server=y,suspend=n,address=127.0.0.1:56788
Begin MonoManager ReloadAssembly
Registering precompiled unity dll's ...
Register platform support module: C:/Program Files/Unity/Hub/Editor/2022.3.10f1/Editor/Data/PlaybackEngines/WebGLSupport/UnityEditor.WebGL.Extensions.dll
Register platform support module: C:/Program Files/Unity/Hub/Editor/2022.3.10f1/Editor/Data/PlaybackEngines/WindowsStandaloneSupport/UnityEditor.WindowsStandalone.Extensions.dll
Registered in 0.019830 seconds.
- Loaded All Assemblies, in  0.554 seconds
Native extension for WindowsStandalone target not found
Native extension for WebGL target not found
Mono: successfully reloaded assembly
- Finished resetting the current domain, in  0.408 seconds
Domain Reload Profiling: 959ms
	BeginReloadAssembly (175ms)
		ExecutionOrderSort (0ms)
		DisableScriptedObjects (0ms)
		BackupInstance (0ms)
		ReleaseScriptingObjects (0ms)
		CreateAndSetChildDomain (1ms)
	RebuildCommonClasses (50ms)
	RebuildNativeTypeToScriptingClass (17ms)
	initialDomainReloadingComplete (96ms)
	LoadAllAssembliesAndSetupDomain (212ms)
		LoadAssemblies (168ms)
		RebuildTransferFunctionScriptingTraits (0ms)
		AnalyzeDomain (209ms)
			TypeCache.Refresh (207ms)
				TypeCache.ScanAssembly (190ms)
			ScanForSourceGeneratedMonoScriptInfo (1ms)
			ResolveRequiredComponents (1ms)
	FinalizeReload (409ms)
		ReleaseScriptCaches (0ms)
		RebuildScriptCaches (0ms)
		SetupLoadedEditorAssemblies (324ms)
			LogAssemblyErrors (0ms)
			InitializePlatformSupportModulesInManaged (19ms)
			SetLoadedEditorAssemblies (8ms)
			RefreshPlugins (0ms)
			BeforeProcessingInitializeOnLoad (3ms)
			ProcessInitializeOnLoadAttributes (218ms)
			ProcessInitializeOnLoadMethodAttributes (76ms)
			AfterProcessingInitializeOnLoad (0ms)
			EditorAssembliesLoaded (0ms)
		ExecutionOrderSort2 (0ms)
		AwakeInstancesAfterBackupRestoration (0ms)
========================================================================
Worker process is ready to serve import requests
Begin MonoManager ReloadAssembly
- Loaded All Assemblies, in  0.913 seconds
Refreshing native plugins compatible for Editor in 13.62 ms, found 6 plugins.
Native extension for WindowsStandalone target not found
Native extension for WebGL target not found
Package Manager log level set to [2]
[Package Manager] Server::EnsureServerProcessIsRunning -- launch failed, reason: Unity was launched with the -noUpm command-line argument
[Package Manager] UpmClient::Send -- Unable to send message (not connected to UPM process).
[Package Manager] Cannot connect to Unity Package Manager local server
Mono: successfully reloaded assembly
- Finished resetting the current domain, in  0.761 seconds
Domain Reload Profiling: 1664ms
	BeginReloadAssembly (191ms)
		ExecutionOrderSort (0ms)
		DisableScriptedObjects (8ms)
		BackupInstance (0ms)
		ReleaseScriptingObjects (0ms)
		CreateAndSetChildDomain (25ms)
	RebuildCommonClasses (51ms)
	RebuildNativeTypeToScriptingClass (15ms)
	initialDomainReloadingComplete (62ms)
	LoadAllAssembliesAndSetupDomain (583ms)
		LoadAssemblies (462ms)
		RebuildTransferFunctionScriptingTraits (0ms)
		AnalyzeDomain (232ms)
			TypeCache.Refresh (202ms)
				TypeCache.ScanAssembly (184ms)
			ScanForSourceGeneratedMonoScriptInfo (21ms)
			ResolveRequiredComponents (7ms)
	FinalizeReload (762ms)
		ReleaseScriptCaches (0ms)
		RebuildScriptCaches (0ms)
		SetupLoadedEditorAssemblies (571ms)
			LogAssemblyErrors (0ms)
			InitializePlatformSupportModulesInManaged (11ms)
			SetLoadedEditorAssemblies (4ms)
			RefreshPlugins (0ms)
			BeforeProcessingInitializeOnLoad (104ms)
			ProcessInitializeOnLoadAttributes (412ms)
			ProcessInitializeOnLoadMethodAttributes (25ms)
			AfterProcessingInitializeOnLoad (13ms)
			EditorAssembliesLoaded (0ms)
		ExecutionOrderSort2 (0ms)
		AwakeInstancesAfterBackupRestoration (8ms)
Launched and connected shader compiler UnityShaderCompiler.exe after 0.05 seconds
Refreshing native plugins compatible for Editor in 13.78 ms, found 6 plugins.
Preloading 0 native plugins for Editor in 0.00 ms.
Unloading 3535 Unused Serialized files (Serialized files now loaded: 0)
Unloading 62 unused Assets / (1.4 MB). Loaded Objects now: 3978.
Memory consumption went from 137.1 MB to 135.8 MB.
Total: 4.786000 ms (FindLiveObjects: 0.435100 ms CreateObjectMapping: 0.160500 ms MarkObjects: 3.755400 ms  DeleteObjects: 0.432600 ms)

AssetImportParameters requested are different than current active one (requested -> active):
  custom:container-demuxer-ogg: 62fdf1f143b41e24485cea50d1cbac27 -> 
  custom:video-codec-MediaFoundation-h265: 746d11721c4dcdbdad8f713fa42b33f4 -> 
  custom:video-decoder-ogg-theora: a1e56fd34408186e4bbccfd4996cb3dc -> 
  custom:framework-win-MediaFoundation: 216162199b28c13a410421893ffa2e32 -> 
  custom:CustomObjectIndexerAttribute: 756ad292c208cfabdd7b50bc23989ffe -> 
  custom:container-demuxer-webm: 4f35f7cbe854078d1ac9338744f61a02 -> 
  custom:container-muxer-webm: aa71ff27fc2769a1b78a27578f13a17b -> 
  custom:video-decoder-webm-vp8: 9c59270c3fd7afecdb556c50c9e8de78 -> 
  custom:SearchIndexIgnoredProperties: e643bd26f0fe6173181afceb89e7c659 -> 
  custom:AudioImporter_EditorPlatform: d09bf68614088b80899f8185d706f6e7 -> 
  custom:video-encoder-webm-vp8: eb34c28f22e8b96e1ab97ce403110664 -> 
  custom:audio-decoder-ogg-vorbis: bf7c407c2cedff20999df2af8eb42d56 -> 
  custom:audio-encoder-webm-vorbis: bf7c407c2cedff20999df2af8eb42d56 -> 
========================================================================
Received Import Request.
  Time since last request: 76451.455425 seconds.
  path: Assets/Selcuk Gerceker/Toon Environments - World Creator Pack Lite/Models/Props
  artifactKey: Guid(3e8b99e204777a4419c1cd92358c6a2d) Importer(815301076,1909f56bfc062723c751e8b465ee728b)
Start importing Assets/Selcuk Gerceker/Toon Environments - World Creator Pack Lite/Models/Props using Guid(3e8b99e204777a4419c1cd92358c6a2d) Importer(815301076,1909f56bfc062723c751e8b465ee728b)  -> (artifact id: '9b99d1a389407430b98feb47da218627') in 0.002443 seconds
Number of updated asset objects reloaded before import = 0
Number of asset objects unloaded after import = 0
========================================================================
Received Import Request.
  Time since last request: 2.427488 seconds.
  path: Assets/Selcuk Gerceker/Toon Environments - World Creator Pack Lite/Models/Props/Cabin.fbx
  artifactKey: Guid(83e9f2baa8ffe7c428e3424227a4287e) Importer(815301076,1909f56bfc062723c751e8b465ee728b)
Start importing Assets/Selcuk Gerceker/Toon Environments - World Creator Pack Lite/Models/Props/Cabin.fbx using Guid(83e9f2baa8ffe7c428e3424227a4287e) Importer(815301076,1909f56bfc062723c751e8b465ee728b)  -> (artifact id: 'dccb3466fbe0f0ad077ee155cb46b7ba') in 0.212859 seconds
Number of updated asset objects reloaded before import = 0
Number of asset objects unloaded after import = 14
========================================================================
Received Import Request.
  Time since last request: 7.447991 seconds.
  path: Assets/Selcuk Gerceker/Toon Environments - World Creator Pack Lite/Prefabs
  artifactKey: Guid(2507ac2c731cedf4292347b75621959e) Importer(815301076,1909f56bfc062723c751e8b465ee728b)
Start importing Assets/Selcuk Gerceker/Toon Environments - World Creator Pack Lite/Prefabs using Guid(2507ac2c731cedf4292347b75621959e) Importer(815301076,1909f56bfc062723c751e8b465ee728b)  -> (artifact id: '1b9a46715cbfba0654e5af885d0727de') in 0.000681 seconds
Number of updated asset objects reloaded before import = 0
Number of asset objects unloaded after import = 0
========================================================================
Received Import Request.
  Time since last request: 1.077589 seconds.
  path: Assets/Selcuk Gerceker/Toon Environments - World Creator Pack Lite/Prefabs/Props
  artifactKey: Guid(401c7cd994119c94abd579be4681e04f) Importer(815301076,1909f56bfc062723c751e8b465ee728b)
Start importing Assets/Selcuk Gerceker/Toon Environments - World Creator Pack Lite/Prefabs/Props using Guid(401c7cd994119c94abd579be4681e04f) Importer(815301076,1909f56bfc062723c751e8b465ee728b)  -> (artifact id: '1843bafc64a34991b336dea95991a846') in 0.000667 seconds
Number of updated asset objects reloaded before import = 0
Number of asset objects unloaded after import = 0
========================================================================
Received Import Request.
  Time since last request: 0.052797 seconds.
  path: Assets/Selcuk Gerceker/Toon Environments - World Creator Pack Lite/Prefabs/Props/Cabin.prefab
  artifactKey: Guid(8cbf85a57b85d304bbb153fb448650d8) Importer(815301076,1909f56bfc062723c751e8b465ee728b)
Start importing Assets/Selcuk Gerceker/Toon Environments - World Creator Pack Lite/Prefabs/Props/Cabin.prefab using Guid(8cbf85a57b85d304bbb153fb448650d8) Importer(815301076,1909f56bfc062723c751e8b465ee728b)  -> (artifact id: '3ce03282f1455bdce2d53c7ef2c3937c') in 0.021719 seconds
Number of updated asset objects reloaded before import = 0
Number of asset objects unloaded after import = 16
========================================================================
Received Import Request.
  Time since last request: 0.000021 seconds.
  path: Assets/Selcuk Gerceker/Toon Environments - World Creator Pack Lite/Prefabs/Props/Shrub.prefab
  artifactKey: Guid(6fbeead406b0d6c4ba7793d754752d28) Importer(815301076,1909f56bfc062723c751e8b465ee728b)
Start importing Assets/Selcuk Gerceker/Toon Environments - World Creator Pack Lite/Prefabs/Props/Shrub.prefab using Guid(6fbeead406b0d6c4ba7793d754752d28) Importer(815301076,1909f56bfc062723c751e8b465ee728b)  -> (artifact id: 'bf2d5348b734f30d4b0455975a5b223c') in 0.025280 seconds
Number of updated asset objects reloaded before import = 0
Number of asset objects unloaded after import = 16
========================================================================
Received Import Request.
  Time since last request: 0.000029 seconds.
  path: Assets/Selcuk Gerceker/Toon Environments - World Creator Pack Lite/Prefabs/Props/Ladder.prefab
  artifactKey: Guid(a4c73f91703f6b34f9bd38ff6eeda3df) Importer(815301076,1909f56bfc062723c751e8b465ee728b)
Start importing Assets/Selcuk Gerceker/Toon Environments - World Creator Pack Lite/Prefabs/Props/Ladder.prefab using Guid(a4c73f91703f6b34f9bd38ff6eeda3df) Importer(815301076,1909f56bfc062723c751e8b465ee728b)  -> (artifact id: 'f9cf7c9dba71a6b43d5f4e5a14afd735') in 0.022530 seconds
Number of updated asset objects reloaded before import = 0
Number of asset objects unloaded after import = 9
========================================================================
Received Import Request.
  Time since last request: 0.000032 seconds.
  path: Assets/Selcuk Gerceker/Toon Environments - World Creator Pack Lite/Prefabs/Props/Stone1.prefab
  artifactKey: Guid(c1cf8fa54561844478058d78b4e3a22a) Importer(815301076,1909f56bfc062723c751e8b465ee728b)
Start importing Assets/Selcuk Gerceker/Toon Environments - World Creator Pack Lite/Prefabs/Props/Stone1.prefab using Guid(c1cf8fa54561844478058d78b4e3a22a) Importer(815301076,1909f56bfc062723c751e8b465ee728b)  -> (artifact id: 'e928f48d8cdb8d044cbf48b1a51fa5ac') in 0.024399 seconds
Number of updated asset objects reloaded before import = 0
Number of asset objects unloaded after import = 9
========================================================================
Received Import Request.
  Time since last request: 2.481709 seconds.
  path: Assets/Selcuk Gerceker/Toon Environments - World Creator Pack Lite/Prefabs/Tiles
  artifactKey: Guid(ce9bb84979a076d42997fe981aeaf82d) Importer(815301076,1909f56bfc062723c751e8b465ee728b)
Start importing Assets/Selcuk Gerceker/Toon Environments - World Creator Pack Lite/Prefabs/Tiles using Guid(ce9bb84979a076d42997fe981aeaf82d) Importer(815301076,1909f56bfc062723c751e8b465ee728b)  -> (artifact id: '6705cb19dea5b1f12f2c26ccd1678ac1') in 0.000780 seconds
Number of updated asset objects reloaded before import = 0
Number of asset objects unloaded after import = 0
========================================================================
Received Import Request.
  Time since last request: 0.095739 seconds.
  path: Assets/Selcuk Gerceker/Toon Environments - World Creator Pack Lite/Prefabs/Tiles/Tile_Center.prefab
  artifactKey: Guid(60d65e4eed2ca444d9a5224665294248) Importer(815301076,1909f56bfc062723c751e8b465ee728b)
Start importing Assets/Selcuk Gerceker/Toon Environments - World Creator Pack Lite/Prefabs/Tiles/Tile_Center.prefab using Guid(60d65e4eed2ca444d9a5224665294248) Importer(815301076,1909f56bfc062723c751e8b465ee728b)  -> (artifact id: '5aeb71ca308757b28297279ae8ef55c9') in 0.019976 seconds
Number of updated asset objects reloaded before import = 0
Number of asset objects unloaded after import = 9
========================================================================
Received Import Request.
  Time since last request: 0.000024 seconds.
  path: Assets/Selcuk Gerceker/Toon Environments - World Creator Pack Lite/Prefabs/Tiles/Tile_Road_End.prefab
  artifactKey: Guid(2f063d1731a14f24eb3d35f5ad829dc1) Importer(815301076,1909f56bfc062723c751e8b465ee728b)
Start importing Assets/Selcuk Gerceker/Toon Environments - World Creator Pack Lite/Prefabs/Tiles/Tile_Road_End.prefab using Guid(2f063d1731a14f24eb3d35f5ad829dc1) Importer(815301076,1909f56bfc062723c751e8b465ee728b)  -> (artifact id: '09ca3fe43c73496c1fd1312c7b7a2aa7') in 0.021709 seconds
Number of updated asset objects reloaded before import = 0
Number of asset objects unloaded after import = 9
========================================================================
Received Import Request.
  Time since last request: 0.000021 seconds.
  path: Assets/Selcuk Gerceker/Toon Environments - World Creator Pack Lite/Prefabs/Tiles/Tile_Edge.prefab
  artifactKey: Guid(7459861c1d37ea34b87a556f5a00d8b2) Importer(815301076,1909f56bfc062723c751e8b465ee728b)
Start importing Assets/Selcuk Gerceker/Toon Environments - World Creator Pack Lite/Prefabs/Tiles/Tile_Edge.prefab using Guid(7459861c1d37ea34b87a556f5a00d8b2) Importer(815301076,1909f56bfc062723c751e8b465ee728b)  -> (artifact id: '8ab60189557eb80937a3cb91c738da27') in 0.022285 seconds
Number of updated asset objects reloaded before import = 0
Number of asset objects unloaded after import = 9
========================================================================
Received Import Request.
  Time since last request: 0.000032 seconds.
  path: Assets/Selcuk Gerceker/Toon Environments - World Creator Pack Lite/Prefabs/Tiles/Tile_Road_Solo.prefab
  artifactKey: Guid(341e51ffcacc4a3419e517763508953d) Importer(815301076,1909f56bfc062723c751e8b465ee728b)
Start importing Assets/Selcuk Gerceker/Toon Environments - World Creator Pack Lite/Prefabs/Tiles/Tile_Road_Solo.prefab using Guid(341e51ffcacc4a3419e517763508953d) Importer(815301076,1909f56bfc062723c751e8b465ee728b)  -> (artifact id: '7baff73b26b6d2bd127c5d216704ab8b') in 0.022529 seconds
Number of updated asset objects reloaded before import = 0
Number of asset objects unloaded after import = 9
========================================================================
Received Import Request.
  Time since last request: 0.000022 seconds.
  path: Assets/Selcuk Gerceker/Toon Environments - World Creator Pack Lite/Prefabs/Tiles/Tile_Road_Inner_Corner_3_Edge.prefab
  artifactKey: Guid(f3d572f4ed602b646bcd16fa874528cb) Importer(815301076,1909f56bfc062723c751e8b465ee728b)
Start importing Assets/Selcuk Gerceker/Toon Environments - World Creator Pack Lite/Prefabs/Tiles/Tile_Road_Inner_Corner_3_Edge.prefab using Guid(f3d572f4ed602b646bcd16fa874528cb) Importer(815301076,1909f56bfc062723c751e8b465ee728b)  -> (artifact id: '5eacf0adf4c94e010a4d8ce3cc2a8841') in 0.020120 seconds
Number of updated asset objects reloaded before import = 0
Number of asset objects unloaded after import = 9
Editor requested this worker to shutdown with reason: Scaling down because of idle timeout
TcpMessagingSession - receive error: operation aborted. errorcode: 995, details: La operación de E/S se anuló por una salida de subproceso o por una solicitud de aplicación.
AssetImportWorker is now disconnected from the server
Process exiting
Exiting without the bug reporter. Application will terminate with return code 0